4bobo$5bobo$bo7bo$2o$6b2o$2b2o$8b2o$o7bo$2bobo$3bobo!
7b2o$bobo$2bobo$o5bo$7bobo$4bobo$obo$3bobo$5bo3bo$bo6bo!
8b2o$bo3bo$o3bo$o3bo$7bobo$6bobo$b2o$3bobo$2bo4bo$3bo2bo!
7b2o$2b2o$bo3bo$b2o$6bobo$5bo3bo$o8bo$4bo2bo$o2bo$4bobo!
7b2o$o2bo$bo2bo$bo2bo$8b2o$o5bo$2bo6bo$5bobo$2b2o$5b2o!
7bobo$3b2o$5bobo$bo7bo$2bobo$o5bo$obo$6bobo$3bo4bo$bo3bo!
7bobo$2bo2bo$4bobo$obo$6bo2bo$o7bo$bobo$bo6bo$4bo2bo$3bobo!
7bobo$bo2bo$2bobo$6bobo$o8bo$3bo2bo$obo$5bo2bo$5bobo$bobo!
8b2o$4bo4bo$bobo$bo3bo$o5bo$2bo5bo$o6bo$2bobo$6b2o$3bobo!
6bo2bo$2b2o$3bobo$b2o$6bobo$8b2o$o4bo$4bo2bo$2o$4bo2bo!
7b2o$2b2o$7b2o$3bobo$2o$6bo2bo$o8bo$4bobo$b2o$4b2o!
7b2o$3bo2bo$o2bo$5bo3bo$b2o$6bobo$o8bo$2bobo$bo5bo$4b2o!
7b2o$3b2o$3bobo$8b2o$o3bo$bo7bo$o5bo$2bo3bo$5bobo$b2o!
7bobo$3b2o$obo$3bo3bo$2bo5bo$o5bo$bo7bo$6bobo$4b2o$bo3bo!
7bobo$o3bo$2bobo$6bo2bo$obo$3bo2bo$bo6bo$bo6bo$5bobo$3bobo!
7bobo$2bo2bo$obo$4b2o$bo5bo$2o$8b2o$3bo2bo$6bobo$3b2o!
8b2o$bo2bo$bo7bo$3b2o$o5bo$o5bo$2bo5bo$2bo2bo$5bobo$3bo3bo!
5bo3bo$obo$5bobo$bo5bo$o2bo$8b2o$4bobo$bo6bo$3b2o$2bo3bo!
5bo3bo$3bobo$2bo3bo$o7bo$b2o$7b2o$bo7bo$3bo3bo$4bobo$o3bo!
5bo3bo$2b2o$5bobo$obo$7b2o$6bo2bo$2o$3bo2bo$4bo3bo$bo2bo!
6b2o$2b2o$7bobo$obo$3bo2bo$8b2o$o3bo$bo3bo$bo6bo$4b2o!
6b2o$3bobo$bo5bo$o7bo$bobo$o8bo$4bobo$2bo6bo$4bo3bo$2bo2bo!
6b2o$2bobo$7bobo$b2o$o3bo$3bo5bo$o4bo$3bo4bo$5bo2bo$bo4bo!
6b2o$2bo4bo$bo7bo$4bo3bo$bo7bo$o3bo$o5bo$2b2o$5bo2bo$3bobo!
6b2o$2b2o$8b2o$2o$4b2o$4b2o$8b2o$2o$6b2o$2b2o!
6bobo$2bo2bo$5bo2bo$obo$bobo$7bobo$4bobo$7bobo$bobo$o3bo!
6bobo$3b2o$bo5bo$bo7bo$3bo3bo$o8bo$obo$5bo2bo$2bo2bo$4bobo!
6bobo$bo3bo$o4bo$2bo5bo$bobo$7bobo$7bobo$2b2o$4bobo$o3bo!
6bo2bo$2bo3bo$obo$5bobo$bobo$o6bo$3bo5bo$bo6bo$4bo3bo$4b2o!
7b2o$3bobo$bo5bo$o3bo$o8bo$6bobo$2bobo$5bo3bo$b2o$3bo2bo!
7bobo$bo2bo$2b2o$4bo2bo$o7bo$bobo$o8bo$5b2o$2bo2bo$6bobo!
7bobo$2bo5bo$bobo$2bo2bo$o7bo$bo3bo$o8bo$4bo2bo$3bo2bo$4bobo!
7bobo$obo$3bobo$2bo4bo$o7bo$bo3bo$8b2o$bo2bo$3bo2bo$4bobo!
5bo2bo$2bobo$6bo2bo$bo4bo$o8bo$bo3bo$o2bo$7b2o$2b2o$4bo2bo!
5bo2bo$o2bo$4bo3bo$bo7bo$2bobo$6bo2bo$bo5bo$obo$5bobo$3bo2bo!
5bo2bo$2b2o$7b2o$3bobo$2o$6bo2bo$o8bo$2bobo$6b2o$bo2bo!
5bo3bo$2b2o$5bobo$2o$7b2o$bo7bo$o3bo$6bobo$2b2o$4bobo!
5bo3bo$bo2bo$bo5bo$o3bo$obo$6bobo$2bo5bo$5bo3bo$3bo3bo$3bo2bo!
6b2o$3b2o$7b2o$3bo4bo$2o$5bo3bo$b2o$5bo3bo$o5bo$2bobo!
6b2o$2bobo$o6bo$3bo5bo$bo3bo$5bo2bo$bo6bo$3bo5bo$o5bo$2bobo!
6b2o$2b2o$4bobo$obo$7bobo$o8bo$bobo$5bo2bo$bo2bo$5bo2bo!
6b2o$4bo2bo$o5bo$bo2bo$2o$8b2o$5bo2bo$3bo5bo$2bo2bo$2b2o!
6b2o$2bobo$6b2o$bo7bo$o8bo$bobo$5bo2bo$o3bo$2bo2bo$3bo4bo!
6b2o$2bo4bo$2o$4bo3bo$bo7bo$o3bo$6bobo$3bo5bo$2bo2bo$3bobo!
6b2o$bo5bo$o8bo$4bo3bo$bo7bo$o3bo$6bobo$2b2o$2bo2bo$3bobo!
6b2o$3bo5bo$bo3bo$2bo2bo$2o$8b2o$o5bo$7b2o$3b2o$2bobo!
6b2o$3bo5bo$5bo2bo$2bo2bo$2o$8b2o$o5bo$bo5bo$3b2o$2bobo!
6b2o$2bo4bo$bo7bo$2bobo$o7bo$5bo3bo$o7bo$bobo$3bobo$4bobo!
6b2o$2b2o$4bobo$obo$7bobo$o2bo$bo7bo$5bo2bo$4b2o$bo6bo!
6b2o$3bo4bo$bobo$o7bo$6bo2bo$2bo6bo$o3bo$bo3bo$4bo2bo$2bo2bo!
6b2o$2bobo$o5bo$bo2bo$2o$8b2o$5bo2bo$3bo5bo$5bobo$2b2o!
6b2o$3bo2bo$bo5bo$2bo6bo$4b2o$o8bo$obo$3bo4bo$5bo2bo$bo2bo!
6bobo$3b2o$bo6bo$bo2bo$6bo2bo$obo$7bobo$2bo2bo$o6bo$3bobo!
6bobo$3bobo$bo6bo$bo2bo$6bo2bo$obo$7bobo$4b2o$o6bo$2b2o!
6bobo$3bobo$bo4bo$o7bo$3bo5bo$obo$4bo2bo$2bo4bo$bo2bo$5bo3bo!
5b2o$2b2o$8b2o$o3bo$bobo$7bobo$o5bo$b2o$7b2o$4b2o!
5bobo$2b2o$5bo2bo$o2bo$o7bo$bo7bo$6bo2bo$bo2bo$6b2o$2bobo!
5bo2bo$bo2bo$6bobo$o8bo$obo$bo7bo$3bobo$6b2o$2b2o$4bo2bo!
5bo2bo$2bobo$5bo2bo$bo7bo$o2bo$bo7bo$o5bo$6b2o$2b2o$4bo2bo!
5bo2bo$2bobo$5bo3bo$2o$o2bo$7bobo$6bobo$bo4bo$2b2o$4bo2bo!
5bo2bo$bo2bo$5bobo$bobo$o7bo$7bobo$obo$6bo2bo$2b2o$4bobo!
5bo2bo$b2o$5bo3bo$2o$3bo4bo$7bobo$o3bo$6b2o$2b2o$4bobo!
5bo2bo$2bobo$5bo3bo$2o$3bo4bo$bo7bo$o5bo$6b2o$2b2o$4bo2bo!
5bo2bo$2b2o$5bobo$2o$7b2o$bo7bo$o3bo$6bo2bo$2b2o$4bobo!
5bo2bo$2bo3bo$2bo2bo$2o$7b2o$bo7bo$o2bo$6bo2bo$3b2o$4bo2bo!
5bo2bo$bo2bo$5bobo$bobo$o7bo$7bobo$obo$6bo2bo$3bo2bo$2bobo!
5bo2bo$2bobo$b2o$6bo2bo$o5bo$7bobo$bobo$o3bo$3bo4bo$5bobo!
5bo2bo$2bobo$2bo5bo$5bobo$o8bo$bo5bo$2o$4bobo$3bo5bo$3bo2bo!
5bo2bo$7b2o$3bobo$bo7bo$o2bo$bo7bo$o5bo$2bobo$6b2o$2bobo!
5bo3bo$bo2bo$7b2o$bobo$obo$7bobo$2bo2bo$6bobo$o2bo$4bobo!
5bo3bo$5bobo$2bo3bo$o7bo$obo$6bobo$bo2bo$3bo5bo$bo5bo$3b2o!
5bo3bo$3bobo$6bobo$obo$obo$6bobo$bo2bo$7bobo$bo5bo$3b2o!
5bo3bo$bobo$5bobo$2bobo$o7bo$6bobo$obo$7bobo$3bo2bo$bo2bo!
6b2o$2b2o$5bo3bo$2b2o$o7bo$o8bo$6bobo$bo2bo$bo3bo$4bo2bo!
6b2o$3b2o$7bobo$bo7bo$bo2bo$5bo2bo$o7bo$obo$5b2o$2b2o!
6b2o$2b2o$5bo3bo$2b2o$o7bo$o8bo$6bobo$bo2bo$5bobo$bo2bo!
6b2o$2bobo$6bo2bo$bo2bo$2o$5bo3bo$o7bo$3bobo$7b2o$2b2o!
4bo4bo$b2o$6bobo$o2bo$2bo3bo$7b2o$3bobo$2o$7bobo$4b2o!
5b2o$2b2o$5bo3bo$obo$6bobo$8b2o$o3bo$bo5bo$bobo$4bo2bo!
5bobo$3bobo$7bobo$o2bo$2o$6bo2bo$6bobo$b2o$2bobo$4bo3bo!
5bobo$3bo4bo$2b2o$o7bo$4b2o$bo7bo$2o$6bo2bo$2bo4bo$4bobo!
5bobo$bobo$4bo3bo$bo7bo$2bo2bo$o3bo$7bobo$o5bo$2bo5bo$3bo2bo!
5bobo$2bo3bo$o2bo$7bobo$obo$bo7bo$6bobo$bo2bo$3bobo$4bo3bo!
5bobo$3bobo$7b2o$o2bo$2o$8b2o$6bo2bo$b2o$4bobo$2bobo!
5bobo$5bobo$b2o$obo$6bo2bo$6bo2bo$2o$3bo4bo$4bo3bo$3b2o!
5bobo$bo2bo$6bobo$bo7bo$obo$6bo2bo$o2bo$2bo5bo$5bobo$3b2o!
5bobo$obo$bo5bo$6bo2bo$2bobo$bo7bo$4bo3bo$o2bo$5bo2bo$3bo2bo!
5bobo$3bobo$o7bo$3bo5bo$2o$4bo3bo$6bo2bo$b2o$6b2o$2bobo!
5bo2bo$bobo$7bobo$4bobo$obo$b2o$8b2o$5bobo$o2bo$4bobo!
5bo2bo$2bobo$6bobo$o8bo$obo$bo7bo$3bobo$6b2o$bobo$4bo2bo!
5bo2bo$2bo4bo$2bo2bo$o8bo$6bobo$bo7bo$3b2o$o5bo$bobo$4bo2bo!
5bo2bo$7b2o$3bobo$bo7bo$o2bo$bo5bo$o8bo$4bobo$2bo3bo$2bobo!
5bo2bo$2bobo$bo5bo$6bo2bo$obo$7bobo$o7bo$bobo$3bobo$4bobo!
5bo2bo$2bobo$b2o$6bobo$o5bo$bo7bo$o2bo$7bobo$3bobo$4bo2bo!
5bo2bo$2bo5bo$3bo5bo$3bobo$o8bo$bo5bo$4bobo$obo$6b2o$bo2bo!
5bo3bo$bo2bo$5bo2bo$bo5bo$obo$7bobo$2b2o$6bobo$o2bo$4bobo!
5bo3bo$2bobo$5bo2bo$bo5bo$obo$7bobo$3bo4bo$bo4bo$o2bo$4bobo!
5bo3bo$2bo3bo$bo6bo$bo3bo$o7bo$7bobo$o2bo$4bobo$2b2o$4bo2bo!
5bo3bo$4bo2bo$bo5bo$o3bo$2bo5bo$8b2o$2o$3bo2bo$2b2o$5b2o!
4bo4bo$5bobo$o3bo$2bo5bo$6b2o$obo$bo7bo$3bo4bo$bo4bo$3bobo!
4bo4bo$5bobo$2bobo$o7bo$6b2o$obo$bo7bo$3bo4bo$bo4bo$3bobo!
4bo4bo$5bo2bo$o3bo$2bo5bo$6b2o$obo$bo7bo$bobo$6b2o$3bobo!
5b2o$2b2o$5bo3bo$obo$o7bo$8b2o$4bobo$bo5bo$bobo$4bo2bo!
5b2o$5bo2bo$bo7bo$obo$6b2o$2b2o$7bobo$o7bo$bo2bo$3b2o!
5b2o$5bo2bo$8b2o$obo$6b2o$2b2o$7bobo$2o$bo2bo$3b2o!
5b2o$2bo3bo$5bo2bo$2o$obo$7bobo$8b2o$bo2bo$3bo3bo$3b2o!
5b2o$bobo$5bo3bo$obo$6bobo$2bo5bo$o3bo$bo5bo$3bo5bo$4bo2bo!
5b2o$bo6bo$bobo$o6bo$3bo5bo$2bo4bo$o3bo$8b2o$4bobo$2bo2bo!
5b2o$2bobo$4bo3bo$bo3bo$o8bo$3bo5bo$bo5bo$2b2o$7b2o$o5bo!
5bobo$2bobo$5bobo$bo7bo$obo$bo7bo$3bo4bo$6bobo$o2bo$4bobo!
5bobo$bo2bo$5bo3bo$bobo$obo$7bobo$2bo5bo$6bobo$o2bo$4bobo!
5bobo$bobo$o5bo$3bobo$8b2o$2bo3bo$o8bo$4bo3bo$b2o$4bo2bo!
5bobo$2bobo$o4bo$7bobo$obo$bo7bo$3bo4bo$6bobo$bobo$4bobo!
5bobo$2bobo$5bo2bo$bo7bo$obo$7bobo$o2bo$6bobo$bobo$4bobo!
5bobo$2bo5bo$3bobo$o2bo$o7bo$bo7bo$6bo2bo$4bobo$bo5bo$2bobo!
5bobo$2bo5bo$2bo2bo$2o$6bobo$bo7bo$o2bo$6bo2bo$3b2o$4bo2bo!
5bobo$2bo5bo$obo$5bobo$6bo2bo$bo2bo$2o$6bobo$3b2o$3bo5bo!
5bobo$2bo6bo$o2bo$6bobo$o3bo$8b2o$bo2bo$b2o$5bobo$3bo2bo!
5bobo$3bo4bo$o2bo$8b2o$o3bo$bo7bo$4bobo$b2o$5bobo$2bo3bo!
5bobo$2bo5bo$3bobo$o2bo$o7bo$bo7bo$6bo2bo$bo2bo$6b2o$2bobo!
5bo2bo$4bo4bo$b2o$5bobo$obo$7bobo$2o$4bo3bo$3bo2bo$3bo2bo!
5bo2bo$bo3bo$bo5bo$4bobo$obo$6bo2bo$2bo5bo$o8bo$3bo3bo$3b2o!
5bo2bo$2bo5bo$3bobo$bobo$o8bo$7bobo$o5bo$bo2bo$6b2o$2bobo!
5bo2bo$2b2o$3bo4bo$5bo3bo$o8bo$bo2bo$o5bo$2bo4bo$6b2o$bo2bo!
4bo2bo$2bo5bo$3bobo$o2bo$8b2o$2o$6bo2bo$4bobo$bo5bo$2bo2bo!
4bo2bo$2bo2bo$bo6bo$5bo3bo$o6bo$bobo$8b2o$o3bo$2bo3bo$3bo2bo!
4bo2bo$3bo2bo$bo5bo$o8bo$bo2bo$o5bo$2bo2bo$8b2o$2bo5bo$3bobo!
5b2o$3bobo$6bobo$obo$o8bo$2b2o$bo7bo$7b2o$bo2bo$4bo2bo!
5b2o$7b2o$obo$bo5bo$3bo5bo$4bo4bo$2o$4bo3bo$2b2o$5b2o!
5b2o$7bobo$b2o$2bobo$o7bo$7bobo$o7bo$bobo$3bobo$4bobo!
5b2o$2b2o$4bo3bo$o7bo$o6bo$2bo6bo$bo7bo$bo3bo$6b2o$3b2o!
5b2o$2bo6bo$bo3bo$4bobo$2o$7bobo$o7bo$2b2o$7b2o$3b2o!
5bobo$6bo2bo$b2o$5bobo$obo$3bo5bo$o7bo$4bo3bo$bobo$4bobo!
5bobo$2b2o$5bo2bo$2b2o$o7bo$6bo2bo$o8bo$bo2bo$bo4bo$4bo2bo!
5bobo$bo2bo$5bo3bo$bobo$o7bo$7bobo$obo$6bobo$2b2o$4bobo!
5bobo$3bo4bo$o3bo$bobo$7bobo$o5bo$6bo2bo$2bo5bo$2bobo$bo3bo!
4bobo$2bo2bo$8b2o$2o$6b2o$2b2o$8b2o$2o$4bo2bo$3bobo!
4bo2bo$3bobo$bo5bo$obo$6bo2bo$2bo5bo$4bo4bo$bo6bo$o5bo$3bobo!
4bo2bo$bo2bo$7b2o$3bo5bo$obo$o5bo$5bo3bo$6bobo$b2o$3bobo!
4bo2bo$2bo2bo$bo6bo$5bo3bo$o6bo$o2bo$8b2o$4bobo$b2o$3bo2bo!
4bo3bo$2bobo$5bo2bo$7bobo$o2bo$bo4bo$o2bo$6bo2bo$bo3bo$2bo4bo!
4bobo$3bo3bo$bo2bo$o7bo$7bobo$obo$bo7bo$5bo2bo$2bo3bo$3bobo!
4bobo$2bo5bo$5bobo$2o$3bo5bo$3bo5bo$o5bo$bo5bo$4b2o$2bo5bo!
4bobo$b2o$4bobo$8b2o$2o$o2bo$7bobo$3bobo$5bobo$2bo5bo!
4bobo$2b2o$4bo3bo$o7bo$7bobo$obo$bo7bo$bo3bo$6b2o$3bobo!
4bo3bo$b2o$bo4bo$6bobo$o8bo$5bobo$o2bo$5bo3bo$2b2o$4bo2bo!
4bo3bo$2bo4bo$bobo$7bobo$o2bo$bo3bo$8b2o$obo$5b2o$4bobo!
4bobo$bo4bo$4bo2bo$o8bo$bo3bo$8b2o$2bo2bo$o2bo$2bo5bo$3bo3bo!
4bobo$b2o$bo5bo$6bo2bo$o3bo$o7bo$2bo2bo$8b2o$3bobo$3bo3bo!
4bobo$3bobo$bo6bo$obo$7bobo$obo$7bobo$bo6bo$4bobo$3bobo!
4b2o$2bo4bo$bo6bo$3bo2bo$o8bo$o8bo$3bo2bo$bo6bo$2bo4bo$4b2o!
4bo3bo$bobo$o3bo$6bobo$bo7bo$o5bo$7bobo$2bo2bo$2bo4bo$3bobo!
4bo3bo$bo3bo$o3bo$6bobo$bo7bo$o5bo$7bobo$2b2o$2bo4bo$3bobo!
4bo3bo$3bobo$o3bo$6bobo$bo7bo$obo$7bobo$b2o$6b2o$3bobo!
3bo3bo$3bo3bo$2o$8b2o$4b2o$4b2o$2o$8b2o$2bo3bo$2bo3bo!
o8bo$4bobo$5b2o$b2o$2bo5bo$bo5bo$7b2o$3b2o$3bobo$o8bo!
