9b2o$2bobo$5bobo$bo2bo$8bobo$3bo3bo$obo$6bo2bo$3bobo$6bobo$2o!
9b2o$4bobo$5bobo$b2o$8bobo$3bo3bo$obo$8b2o$3bobo$4bobo$2o!
8bobo$3bo2bo$3bo3bo$bo7bo$b2o$6bobo$obo$o3bo$7bo2bo$4b2o$5bo3bo!
8bobo$3bo2bo$3bobo$bo7bo$5bobo$o9bo$obo$6bo2bo$7b2o$bo2bo$2bobo!
8b2o$3bo2bo$b2o$5b2o$b2o$o9bo$7bo2bo$o4bo$8b2o$3b2o$4bo2bo!
8b2o$4bo4bo$b2o$5b2o$obo$7bo2bo$o9bo$3bobo$3bo4bo$4bobo$bo5bo!
8b2o$2bobo$bobo$bo6bo$o5bo$9b2o$o9bo$2bo2bo$5bobo$3b2o$6b2o!
8b2o$2bo2bo$6bo2bo$bo6bo$obo$5bo4bo$bobo$o5bo$7bo2bo$3b2o$4bo2bo!
8b2o$4bo5bo$8bobo$3b2o$3bo2bo$2o$7bobo$6b2o$2o$2bo2bo$2bo2bo!
8b2o$4b2o$4bo2bo$2o$8bobo$2bo3bo$bo5bo$6bo3bo$2b2o$3bobo$o8bo!
7bo2bo$3bo2bo$7b2o$obo$bo3bo$3bo5bo$o8bo$bo8bo$4bo3bo$2bobo$5b2o!
7bo2bo$2bobo$2bo4bo$4bobo$o8bo$3bo5bo$o7bo$bobo$5bo4bo$6bobo$bo3bo!
7bo2bo$4bobo$7b2o$bo7bo$obo$4bo4bo$obo$bo8bo$3bobo$6bobo$3bobo!
7bo2bo$6bo2bo$3b2o$8b2o$8bobo$2o$2bo2bo$b2o$5bobo$o5bo$3b2o!
7bobo$2bobo$7bobo$b2o$4bo5bo$3bo4bo$o4bo$o2bo$8bobo$bo4bo$5b2o!
7bobo$2bobo$2bobo$9b2o$o4bo$3bo3bo$5bo4bo$2o$6bobo$6bobo$bobo!
7bo2bo$5bo3bo$2bobo$5bo3bo$o9bo$obo$6b2o$bo6bo$bobo$6bobo$3b2o!
7bobo$2bobo$7bo2bo$bo2bo$o7bo$3bo5bo$obo$6bo3bo$3bobo$6bobo$bo3bo!
7bobo$2bobo$7bo2bo$bo2bo$8bobo$bobo$obo$6bo2bo$3bobo$6bobo$o4bo!
7b2o$3b2o$3bobo$8bobo$o3bo$bo7bo$6bo3bo$2bo3bo$7bobo$2o$2bo2bo!
7bobo$2bo2bo$o3bo$2bo5bo$6bo3bo$o2bo$6bo3bo$bobo$bo2bo$8b2o$5bobo!
7bobo$4bobo$7bo2bo$bobo$o3bo$3bo5bo$o4bo$8bobo$2bo2bo$bo6bo$2bo3bo!
7b2o$4bo2bo$2b2o$3bo5bo$o4bo$8bobo$2o$4bo4bo$6bo3bo$b2o$5b2o!
7bobo$bo2bo$7b2o$4b2o$8bobo$o9bo$obo$5b2o$2b2o$6bo2bo$bobo!
7bobo$3b2o$o6bo$o4bo$bo6bo$9b2o$4bobo$bo8bo$2bo5bo$2bo2bo$3bo2bo!
7b2o$3b2o$3bobo$8bobo$4bobo$bo7bo$o9bo$2bo3bo$7bobo$2o$2bo2bo!
7b2o$6bobo$b2o$o5bo$bo2bo$o9bo$9b2o$3bobo$2bo6bo$5bobo$3b2o!
7b2o$3b2o$6bo3bo$bobo$8b2o$5bo4bo$o8bo$obo$5b2o$b2o$4bo2bo!
7b2o$2bo5bo$5bo4bo$bobo$o3bo$6bo2bo$o8bo$2bobo$5bo4bo$bo5bo$3bo2bo!
7b2o$bo7bo$3bobo$7bo2bo$2o$4bo3bo$o9bo$2bobo$6bo2bo$2b2o$5b2o!
7b2o$2bo2bo$o8bo$2bo2bo$6b2o$2o$9b2o$3bo2bo$bo6bo$3b2o$4bo5bo!
7b2o$4bo2bo$2b2o$3bo6bo$o4bo$8b2o$2o$4bo4bo$bo8bo$2bo3bo$5b2o!
7b2o$3bo5bo$2bo2bo$2b2o$5bobo$o8bo$o9bo$4bo3bo$bo8bo$bo4bo$4bobo!
7b2o$3bo5bo$2bo2bo$2b2o$5bobo$o8bo$o9bo$4bobo$bo8bo$bo2bo$6bobo!
7b2o$bobo$3bo3bo$4bobo$o9bo$2o$9b2o$5bo3bo$2bo2bo$6bobo$2bobo!
7b2o$6bo2bo$b2o$6bo3bo$2bobo$2o$8bobo$5bo3bo$3bobo$o2bo$4bo2bo!
7b2o$4bo5bo$2b2o$6b2o$obo$bobo$8bobo$4bobo$5bo3bo$2o$5bo3bo!
7b2o$3b2o$4bo2bo$2o$2bo7bo$o8bo$9b2o$3bo2bo$bo3bo$2bo5bo$5b2o!
7b2o$3b2o$3bo5bo$o5bo$obo$7bo2bo$2bo7bo$5b2o$bo7bo$bo6bo$4b2o!
6bo3bo$bobo$3bo2bo$7b2o$bo2bo$8bobo$o8bo$obo$5bo3bo$5bobo$2bobo!
7b2o$2bobo$7bobo$3bobo$obo$o9bo$bo8bo$6bobo$bo3bo$3bo5bo$4bobo!
7b2o$3b2o$8bobo$3bo6bo$obo$o3bo$5bo3bo$7bobo$bo4bo$b2o$5b2o!
6bo3bo$2bobo$6b2o$bo7bo$bo5bo$2bobo$o9bo$8b2o$o2bo$3bobo$5bo2bo!
6bo3bo$2bobo$6b2o$bo7bo$7bobo$2bobo$o9bo$o7bo$3bobo$bobo$5bo2bo!
7b2o$4bobo$2bo5bo$bobo$7bo2bo$9b2o$o2bo$5bo3bo$2o$2bobo$5b2o!
6bo3bo$7b2o$obo$2bo3bo$bobo$7bobo$9b2o$2o$4bo3bo$4b2o$3bobo!
6bo2bo$2bo3bo$bo2bo$9b2o$bo2bo$o4bo$8bobo$5bo2bo$3bo3bo$obo$3bo3bo!
6bo2bo$2bobo$5bo2bo$b2o$o5bo$3bo5bo$8bobo$2o$4bo2bo$3bo6bo$5bobo!
6bo3bo$4bobo$7b2o$bobo$2o$7bobo$2bo5bo$5bo4bo$o8bo$2bobo$3bobo!
6bo2bo$3bo3bo$bobo$5bo4bo$2bo5bo$o7bo$5bo4bo$o3bo$bo7bo$6b2o$2bobo!
6bo2bo$7b2o$2b2o$b2o$7b2o$5bo4bo$2o$o9bo$4bobo$4b2o$3bo5bo!
6bo2bo$2bo3bo$2bo6bo$4bo5bo$2o$o9bo$5bo2bo$3bobo$7b2o$bo5bo$3b2o!
6bobo$3bobo$bo4bo$8bobo$bobo$o9bo$7bobo$obo$4bo4bo$5bobo$2bobo!
6bobo$3bo6bo$4b2o$8b2o$bobo$o9bo$7bobo$b2o$5b2o$o6bo$2bobo!
6bobo$3b2o$bobo$bo7bo$5bo2bo$2bo7bo$obo$o9bo$5bobo$7bobo$4bobo!
6bobo$3b2o$bo7bo$bo7bo$5bo2bo$o9bo$2b2o$o9bo$5bobo$2bo4bo$4bobo!
6bobo$3b2o$bo3bo$bobo$8bobo$o3bo$7bo2bo$obo$5bo3bo$2bo6bo$6b2o!
6bobo$3b2o$bo7bo$bo3bo$5bo2bo$2bo7bo$o2bo$o9bo$7bobo$2bo4bo$4bobo!
6bo2bo$bo2bo$6bo3bo$2bobo$o7bo$2bo7bo$3bobo$7bobo$o2bo$bo5bo$5bo2bo!
6bo2bo$bo2bo$5b2o$2bobo$o8bo$bo8bo$5bo2bo$2bo4bo$o2bo$7bo2bo$3bo4bo!
6bo2bo$2bo2bo$2bo5bo$4bo2bo$bo7bo$o9bo$bobo$5bo4bo$o3bo$7b2o$3bo2bo!
6bo2bo$2bo6bo$bo3bo$2bo2bo$8bobo$o6bo$o9bo$4bo3bo$bobo$6b2o$3b2o!
6bobo$3bobo$bo4bo$8bobo$bobo$o9bo$7bobo$obo$2bobo$5bo3bo$4bo2bo!
6bobo$3bo2bo$bobo$bo5bo$8bobo$7bo2bo$obo$o3bo$5bo3bo$2bobo$5bo3bo!
6bobo$3b2o$bo3bo$bobo$8bobo$o9bo$2bo4bo$obo$5bo3bo$7bobo$4bobo!
6bobo$o2bo$2bobo$7bobo$bo3bo$o9bo$5bo3bo$bobo$6bobo$7bo2bo$2bobo!
6bobo$4bo3bo$bo3bo$bo8bo$o9bo$2b2o$o6bo$2bobo$7bobo$3bo5bo$5b2o!
6bo2bo$bo2bo$6bo3bo$2bobo$o7bo$2bo7bo$5bo2bo$7bobo$o2bo$bo5bo$3bobo!
6bo2bo$bo2bo$6bo3bo$2bobo$o7bo$2bo7bo$5bo2bo$3bo5bo$o2bo$bo5bo$5bobo!
6b2o$5bo2bo$obo$2bo3bo$7bobo$o9bo$bo2bo$bobo$9b2o$5bo2bo$3b2o!
6bobo$4b2o$bo5bo$bo2bo$9b2o$o5bo$8bobo$3bo5bo$obo$2b2o$5bobo!
6bobo$3bo5bo$3bo2bo$2o$bo5bo$8bobo$7bo2bo$obo$2bobo$5bo3bo$4b2o!
6bobo$3b2o$bo5bo$bobo$7bo2bo$o8bo$4bo5bo$o8bo$2bo2bo$6bobo$2bo2bo!
6bobo$3bobo$6bo2bo$obo$7bobo$o9bo$bobo$8bobo$bo2bo$5bobo$2bobo!
6bobo$2b2o$3bo2bo$obo$7bo2bo$8bobo$2o$5bo3bo$bo2bo$7bobo$4b2o!
6b2o$2bo2bo$6bo2bo$obo$9b2o$o9bo$bobo$5bo2bo$bo2bo$7b2o$3b2o!
6b2o$bobo$5b2o$2bo7bo$2o$4bo3bo$o9bo$8b2o$4bo4bo$2b2o$5bobo!
6b2o$bobo$bo4bo$2bo2bo$o9bo$2bo5bo$o9bo$5bo2bo$4bo4bo$7bobo$3b2o!
6b2o$2bo6bo$obo$bo6bo$4b2o$8bobo$bo3bo$3bo5bo$7bo2bo$o2bo$4bobo!
6b2o$2b2o$6bo2bo$2bo2bo$9b2o$o9bo$2o$5bo2bo$bo2bo$7b2o$3b2o!
6b2o$3bo4bo$3bo2bo$obo$9b2o$8bobo$obo$5bo3bo$bo2bo$bo5bo$4b2o!
6b2o$3bo6bo$bo2bo$obo$8b2o$o8bo$4bobo$bo8bo$2bo5bo$5bobo$3bobo!
6b2o$bobo$5b2o$b2o$8bobo$o9bo$obo$8b2o$4b2o$7bobo$3b2o!
6b2o$2b2o$6bo2bo$2bobo$2o$8bobo$o4bo$9b2o$4bo3bo$bobo$5bobo!
6b2o$3bo5bo$bo3bo$2bo3bo$obo$o9bo$8bobo$4bo3bo$5bo3bo$bo5bo$3b2o!
6bobo$bo7bo$2b2o$bo5bo$5bo3bo$2bo7bo$o9bo$4bobo$o2bo$7b2o$4b2o!
6bobo$3bobo$bo3bo$obo$8bobo$obo$4bo2bo$3bo6bo$bo7bo$7bobo$4bobo!
6b2o$3bo2bo$7bobo$o8bo$2o$3bo4bo$4bo5bo$8bobo$b2o$2bo2bo$4b2o!
6b2o$bobo$6bo2bo$2bo2bo$o9bo$2bo5bo$o9bo$5bo2bo$bo2bo$7bobo$3b2o!
6b2o$2bo2bo$2bo5bo$5bobo$bobo$o9bo$6bo2bo$9b2o$bo2bo$o3bo$3bo4bo!
6b2o$2bo2bo$6bo2bo$obo$7bobo$o9bo$bobo$8bobo$bo2bo$5bo2bo$3b2o!
6b2o$2bobo$7bobo$2bobo$o9bo$3bo5bo$o9bo$bobo$5bo2bo$6bobo$bo3bo!
6b2o$4bobo$o2bo$7bo2bo$9b2o$bo3bo$3bo5bo$4bo3bo$2o$2bo2bo$2bo5bo!
6b2o$2bo6bo$obo$4bo3bo$bo8bo$4bo5bo$6bobo$bo7bo$o4bo$3bo3bo$3bobo!
6b2o$2bobo$6bo3bo$bo7bo$o8bo$bo2bo$3bobo$8bobo$o7bo$2bo4bo$3bobo!
6b2o$2bobo$5bobo$2bo2bo$o9bo$9b2o$o5bo$bo6bo$bobo$4bo4bo$3bo4bo!
6b2o$bo2bo$7bobo$2bo2bo$o9bo$2bo5bo$o9bo$5bo2bo$bobo$6bo2bo$3b2o!
6b2o$2b2o$6bo2bo$obo$7bobo$o9bo$bobo$5bo4bo$bo2bo$5bo2bo$4bo3bo!
6b2o$2bo2bo$6bo2bo$obo$7bobo$o9bo$bobo$8bobo$bo2bo$3bobo$4bo3bo!
6b2o$2bo6bo$b2o$6bo3bo$o3bo$2o$8bobo$5bo3bo$3bobo$3bo4bo$4bo2bo!
5bo4bo$6bobo$bo3bo$o2bo$7b2o$3bo5bo$o3bo$bo7bo$7bo2bo$2bobo$2bo3bo!
6b2o$3bo5bo$2b2o$4bo3bo$9b2o$o3bo$6bobo$5bo4bo$2o$b2o$5bobo!
6b2o$2b2o$2bo7bo$6bobo$bo7bo$o7bo$bo2bo$3bobo$o9bo$5bo3bo$4bo2bo!
6b2o$2bo2bo$2bo7bo$6bobo$bo7bo$o2bo$bo2bo$3bo5bo$o9bo$5bo2bo$4bo2bo!
6b2o$2b2o$5bo3bo$o8bo$o7bo$4bobo$2bo7bo$bo8bo$bo3bo$7b2o$3b2o!
5bo3bo$4bo2bo$bo5bo$bo2bo$o9bo$3bo2bo$8bobo$o2bo$2bo5bo$6bo2bo$2bo2bo!
5bo3bo$2bo5bo$3b2o$bo8bo$o3bo$3bo5bo$2o$7bo2bo$5bobo$6bobo$2bo3bo!
5bo3bo$5bo2bo$2bo3bo$8bobo$2o$3bo3bo$bo7bo$o2bo$6bo3bo$2bobo$4bo2bo!
5bo3bo$bobo$5bo2bo$4bobo$8bobo$2o$2bo7bo$7bobo$obo$4bobo$3bo3bo!
5bo3bo$4bobo$2bo7bo$4bo2bo$obo$3bo5bo$o7bo$bobo$bo8bo$6bobo$5bobo!
5bo3bo$2bo7bo$b2o$4bo2bo$o7bo$bo3bo$o7bo$9b2o$3bo2bo$4bobo$3bo3bo!
5bo2bo$4bo2bo$2bo7bo$3bo2bo$o2bo$bo7bo$5bo4bo$o7bo$2bo6bo$bo4bo$4bo2bo!
5bo2bo$bo2bo$2bo5bo$7bo2bo$o2bo$bo5bo$o9bo$6bo2bo$3bo5bo$2bo3bo$4b2o!
5bo2bo$2b2o$2bo6bo$o9bo$3bobo$bo6bo$o5bo$9b2o$4bobo$bo5bo$4bo2bo!
5bo2bo$2bo2bo$o3bo$8b2o$7bo2bo$obo$bo7bo$3bo2bo$7bo2bo$bobo$4bobo!
5bo2bo$4b2o$bo6bo$bo7bo$o2bo$2bo7bo$6bo2bo$4bo2bo$o9bo$2bo4bo$3bo2bo!
5bo2bo$2b2o$o2bo$7bobo$7bo2bo$bo8bo$o4bo$2bo3bo$bo6bo$4bo4bo$4bobo!
5bobo$2bo6bo$4bobo$obo$9b2o$3bo3bo$2o$8bobo$4bobo$bo6bo$3bobo!
5bobo$2b2o$4bo4bo$obo$7bo2bo$3bo5bo$o5bo$bo8bo$4bo3bo$bo6bo$5b2o!
5bobo$8b2o$2o$3bo3bo$bo2bo$8bobo$o9bo$2bobo$6bo2bo$2b2o$5b2o!
5bobo$4bo5bo$obo$6b2o$2bo6bo$bo7bo$bo6bo$3b2o$8bobo$o5bo$3bobo!
5bo2bo$2bo2bo$8b2o$o9bo$2bobo$o8bo$bo2bo$7bo2bo$bo5bo$3bo2bo$3bo2bo!
5bobo$3bo5bo$3b2o$8b2o$o9bo$4bo3bo$o9bo$b2o$6b2o$b2o$5b2o!
5bobo$3bo5bo$o7bo$3b2o$bo8bo$6bobo$o8bo$b2o$7bo2bo$4b2o$2bo3bo!
5bobo$2bobo$obo$bo8bo$4bo3bo$8b2o$o4bo$3bo5bo$7bo2bo$3bo2bo$bo4bo!
5bobo$3bo3bo$2bobo$obo$9b2o$4bo3bo$2o$bobo$8b2o$6bo3bo$5b2o!
5bobo$5b2o$2o$2bo6bo$7bo2bo$8b2o$o3bo$2b2o$8bobo$3b2o$bo4bo!
5bo2bo$3bobo$8bobo$bo2bo$3bo3bo$2o$9b2o$4bo2bo$obo$6bo2bo$2bo3bo!
5bobo$o2bo$6b2o$b2o$8bobo$3bo4bo$2o$9b2o$4b2o$2bo6bo$4bobo!
5bobo$7b2o$bobo$3bobo$o9bo$8bobo$o3bo$2bo6bo$6bo2bo$2bobo$bo4bo!
5bobo$2bo7bo$bo5bo$2bo2bo$o5bo$6bo2bo$9b2o$o2bo$bo6bo$3b2o$4bo3bo!
5bobo$6bobo$6bobo$2o$bo8bo$3bo3bo$o8bo$9b2o$2bobo$2bobo$3bobo!
5bobo$8b2o$bo2bo$bo3bo$obo$8bobo$6b2o$o9bo$3bo5bo$2b2o$4bobo!
5bobo$5bo2bo$b2o$o8bo$8bobo$3b2o$bo5bo$3bo5bo$obo$6bo3bo$4bobo!
5bobo$2bobo$7bo2bo$4bo4bo$obo$bo7bo$8bobo$bo4bo$o2bo$6bobo$3bobo!
5bobo$2o$7b2o$4bobo$2bo7bo$bo7bo$2bobo$8b2o$o4bo$3bo2bo$3bo6bo!
5bobo$4bo4bo$2bo7bo$4bo2bo$obo$3bo5bo$o7bo$bo4bo$bo8bo$6bobo$3bobo!
5bobo$2bo4bo$5b2o$obo$6bo3bo$bo7bo$o8bo$3b2o$bo8bo$4bo3bo$3bo4bo!
5b2o$2bo7bo$bo3bo$6bo2bo$obo$o8bo$8bobo$3b2o$7b2o$bo2bo$3bo3bo!
5bobo$2bobo$7bo2bo$bo2bo$obo$bo7bo$8bobo$6bo2bo$o2bo$6bobo$3bobo!
5bobo$bo2bo$7bo2bo$o3bo$2bo5bo$bo7bo$2bo5bo$6bo2bo$o2bo$6bo3bo$3bobo!
5bobo$o3bo$7bo2bo$bo2bo$2bo5bo$bo7bo$2bo5bo$6bo2bo$o2bo$6bo3bo$3bobo!
5bobo$bo2bo$7b2o$o3bo$8bobo$bo7bo$obo$6bo2bo$2b2o$6bo3bo$3bobo!
5b2o$2bo2bo$2bo5bo$8bobo$o3bo$3bo3bo$bo7bo$o9bo$bo7bo$3bo3bo$4bobo!
5b2o$6bo3bo$bo6bo$3bobo$2o$3bo5bo$7b2o$o3bo$2bobo$7bo2bo$2bo6bo!
5b2o$5bo3bo$b2o$8bobo$o2bo$obo$7bobo$8bobo$4bobo$bobo$4bo2bo!
5b2o$5bo2bo$o8bo$2bo3bo$7bo2bo$9b2o$b2o$2o$4bo2bo$3b2o$3bo4bo!
5b2o$2b2o$3bo2bo$2o$9b2o$2bo5bo$2o$9b2o$4bo2bo$7b2o$4b2o!
5bobo$o3bo$7b2o$bo2bo$8bobo$bo7bo$obo$6bo2bo$2b2o$6bo3bo$3bobo!
5b2o$bobo$7bobo$obo$6bo3bo$2bo5bo$o3bo$8bobo$bobo$7bobo$4b2o!
5b2o$2b2o$3bo2bo$2o$8bobo$2bo5bo$2o$9b2o$4bo2bo$7bobo$4b2o!
5b2o$2bo6bo$4bo5bo$obo$7bobo$3bo3bo$bobo$8bobo$o5bo$bo6bo$4b2o!
5b2o$2bobo$7bobo$bo5bo$o9bo$bo7bo$3bo2bo$o9bo$3bobo$4bo3bo$2bo5bo!
5b2o$bobo$3bo2bo$2o$8bobo$2bo5bo$obo$9b2o$4bo2bo$7bobo$4b2o!
4bo4bo$7bobo$3b2o$5bo2bo$o9bo$2bo5bo$o9bo$2bo2bo$6b2o$bobo$bo4bo!
4bo2bo$3bobo$bo7bo$o7bo$6bo3bo$2bo5bo$o3bo$2bo7bo$bo7bo$5bobo$3bo2bo!
4bobo$3bo3bo$bo7bo$o9bo$5bo2bo$2bo5bo$2bo2bo$o9bo$bo7bo$3bo3bo$4bobo!
4bobo$4bo3bo$5b2o$9b2o$2o$2bo2bo$obo$7bobo$bo8bo$3bo3bo$3bo4bo!
