10bobo$5bobo$3bobo$obo$2bo5bo$10b2o$3bo4bo$2o$9bobo$bo7bo$4bobo$4bobo$7bo4bo!
10bobo$bo4bo$5b2o$2o$9bobo$3bobo$o2bo$2bo8bo$7bobo$8bobo$4bo7bo$2bo4bo$4bo3bo!
10bobo$3b2o$5bobo$bo2bo$11b2o$3bo5bo$obo$9bobo$5bobo$8bobo$2o$2bo3bo$6bobo!
10bobo$5bobo$3bo3bo$2bo2bo$o11bo$2bo7bo$6bo2bo$o10bo$3bo7bo$8b2o$bo2bo$6bobo$bo2bo!
10bobo$4bo2bo$bo4bo$7bo2bo$bo10bo$4bo6bo$o8bo$o4bo$3bo5bo$2bo2bo$8bo2bo$6bobo$2b2o!
10bobo$4bo2bo$o6bo$2bobo$11b2o$5bo3bo$obo$9bobo$bo3bo$8bobo$bobo$3bo2bo$6bobo!
10bobo$4bo2bo$o9bo$3b2o$11b2o$5bo2bo$obo$9bobo$bo3bo$2bo5bo$bo7bo$3bo2bo$6b2o!
10bobo$6bobo$3bobo$bo9bo$7bo2bo$bo2bo$obo$9bobo$o11bo$4bobo$2b2o$8b2o$5bobo!
10b2o$4bobo$3bo3bo$bo10bo$o7bo$7bo3bo$2bo2bo$2o$9bo2bo$4bobo$8bobo$2b2o$5bo3bo!
10b2o$5bo2bo$2bo5bo$3bobo$o11bo$3bo5bo$bo5bo$o11bo$7bo3bo$4bobo$2bobo$bo8bo$6bo2bo!
10b2o$6bo5bo$3bo8bo$2bo3bo$2bobo$bo5bo$9bobo$bo2bo$5bo2bo$o9bo$8b2o$5bobo$o2bo!
10b2o$obo$5b2o$bobo$10bobo$bobo$8bo3bo$o7bo$2bo2bo$9bobo$7bobo$4bobo$4bo2bo!
10b2o$4bo2bo$o6bo$2bobo$11b2o$5bo3bo$obo$9bo2bo$bo3bo$8bobo$bobo$3bo2bo$6bobo!
10b2o$4bo2bo$obo$2bobo$7bo4bo$5bo3bo$2o$9bobo$bo3bo$8bobo$3bo8bo$3bo2bo$6bobo!
10b2o$4bobo$4b2o$9bo2bo$9bo2bo$bo3bo$2bo7bo$7bo3bo$o2bo$o2bo$7b2o$6bobo$b2o!
10b2o$4bobo$5bobo$bobo$10bobo$3b2o$o11bo$8b2o$obo$9bobo$5bobo$6bobo$b2o!
10b2o$5b2o$9bo2bo$2bobo$bo10bo$8bo2bo$obo$5b2o$2o$3bo5bo$7bo2bo$3b2o$7b2o!
10b2o$4bo7bo$4bo4bo$5bobo$obo$8bo2bo$10bobo$2bo5bo$2o$3bo2bo$7bobo$bobo$5b2o!
9bo2bo$6b2o$9bobo$4bo2bo$obo$10b2o$4bo3bo$b2o$10bobo$5bo2bo$bobo$5b2o$o2bo!
9bo2bo$6bo3bo$bo4bo$5bobo$2bo8bo$bo8bo$4bo2bo$obo$9bobo$8bo3bo$3b2o$3bobo$o7bo!
9bo2bo$3bo2bo$4bo6bo$7bo2bo$bo6bo$5bo6bo$2o$4bo3bo$9bobo$obo$6bo3bo$3bobo$2bo4bo!
9bo2bo$obo$2bobo$7bobo$7bo3bo$bo9bo$bo2bo$o9bo$6bo5bo$8bobo$3bobo$3bobo$6bobo!
9bo2bo$4bo3bo$3bobo$8b2o$o2bo$bo9bo$10b2o$bo5bo$6bo5bo$2bo7bo$o4bo$2bobo$6b2o!
9bo2bo$3b2o$6bobo$o9bo$b2o$3bo2bo$bo10bo$10b2o$2bo4bo$o4bo$9bobo$4b2o$7b2o!
9bo2bo$4bobo$7bo2bo$bo2bo$10bobo$bobo$obo$8bo2bo$2bo2bo$9bobo$o2bo$6bobo$5bobo!
9bo2bo$4bobo$4bo2bo$bo3bo$bo10bo$9bobo$o4bo$8bo2bo$2b2o$6bo3bo$obo$3bo3bo$8bobo!
9bo2bo$4bobo$4bo2bo$bo3bo$bo10bo$9bobo$o4bo$8bobo$2b2o$6bo3bo$obo$3bo3bo$8bo2bo!
9bo2bo$3b2o$7bo3bo$bo3bo$bo7bo$5bo6bo$o5bo$8bobo$obo$2bo7bo$6bobo$3b2o$7bo3bo!
9bobo$5bobo$2bo6bo$4bobo$obo$11b2o$4bo3bo$2o$10bobo$6bobo$3bo6bo$5bobo$bobo!
9bobo$4b2o$2bobo$7bo3bo$bo7bo$3bo8bo$2bo4bo$o11bo$8bobo$o9bo$bo3bo$3bo2bo$6bobo!
9bobo$4b2o$2bobo$bo5bo$9bobo$3bo8bo$2bo4bo$o11bo$8bobo$o9bo$bo3bo$3bo2bo$6bobo!
9bobo$3bobo$8b2o$obo$10b2o$4bo3bo$2o$10bobo$4bobo$bo5bo$2b2o$7bo4bo$5b2o!
9bobo$bo4bo$6bo3bo$bo3bo$8bo3bo$o4bo$3bo5bo$o11bo$2b2o$10b2o$4bo2bo$2bo4bo$4bo3bo!
9bobo$4b2o$obo$7bobo$4bo2bo$11b2o$obo$8bo3bo$bo8bo$bo8bo$3bobo$3bo2bo$6bobo!
9bobo$2bobo$b2o$8bobo$6bo2bo$o2bo$bo10bo$5bobo$o11bo$3bobo$7bo3bo$8bobo$4bobo!
9bobo$6bo3bo$4bo2bo$bo9bo$2bo3bo$o4bo$10bobo$bo5bo$o11bo$3bo4bo$2bo6bo$4bo3bo$3bobo!
9bobo$3bobo$7b2o$2bobo$6bo5bo$o11bo$bo5bo$5bo4bo$o10bo$3bo5bo$bo8bo$2bobo$6bobo!
9bobo$4bobo$9bo2bo$4bobo$b2o$5bo5bo$o11bo$bo3bo$o7bo$8bobo$3bo3bo$7bo2bo$2b2o!
9bobo$5bobo$2bobo$2bo8bo$3bo5bo$o11bo$3bo3bo$10bobo$o5bo$bo8bo$bo6bo$4b2o$6bobo!
9bobo$4bobo$8bo2bo$bo2bo$b2o$5b2o$o11bo$10bobo$o6bo$3bo5bo$5bobo$3bo6bo$2bo5bo!
9bobo$2bo3bo$2bobo$9bo2bo$bo9bo$5bobo$bo2bo$10bobo$o2bo$o9bo$7b2o$3bobo$6bobo!
9bobo$3bo2bo$2bo2bo$8bo2bo$10bobo$4bo2bo$o11bo$5bo2bo$obo$bo2bo$7bo2bo$6bo2bo$bobo!
9bobo$5b2o$2bo2bo$bo6bo$10bobo$3b2o$o11bo$8b2o$obo$4bo6bo$7bo2bo$6b2o$bobo!
9bobo$5bo4bo$3bobo$4bobo$10bobo$2o$4bo3bo$11b2o$obo$6bobo$7bobo$2bo4bo$bobo!
9b2o$5bo3bo$2bobo$4b2o$2o$10bobo$2bo4bo$o5bo$11b2o$3bo4bo$bo6bo$3bo7bo$6b2o!
9b2o$4bobo$bo7bo$7bo2bo$o3bo$7bo3bo$o11bo$bo3bo$8bo3bo$2bo2bo$3bo7bo$6bobo$2b2o!
9b2o$3bo2bo$10b2o$5bo5bo$bo2bo$o11bo$5bobo$4bo7bo$7b2o$2o$2bo5bo$6bo2bo$2b2o!
9b2o$4bobo$bo2bo$10bobo$bo7bo$5bobo$o11bo$5bobo$3bo7bo$obo$8bo2bo$6bobo$2b2o!
9b2o$4bobo$bo2bo$7bo2bo$bo7bo$7bo4bo$o11bo$o4bo$3bo7bo$2bo2bo$8bo2bo$6bobo$2b2o!
9b2o$bo3bo$4bobo$9b2o$bo2bo$2bo9bo$7bo4bo$o7bo$3bo3bo$2bo8bo$o5bo$3bobo$8bo2bo!
9b2o$2bobo$5bobo$bo5bo$10bobo$bo7bo$o11bo$o3bo$3bobo$8bo2bo$2b2o$6bo4bo$6bobo!
9b2o$2bobo$o4bo$bo5bo$10bobo$bo5bo$o11bo$9bobo$3bobo$6bobo$2b2o$4bobo$8bo2bo!
9b2o$4bobo$7bo4bo$bo3bo$o7bo$8b2o$2bo9bo$o5bo$2b2o$7bo3bo$bo8bo$4b2o$3bo7bo!
9b2o$bo2bo$5bobo$bo10bo$9bo2bo$o2bo$o4bo$6bo4bo$2b2o$6bo3bo$2bo8bo$7b2o$4bo3bo!
9b2o$3b2o$4bobo$o10bo$o6bo$2bo2bo$bo9bo$8bo3bo$bo10bo$3bobo$2bo5bo$9b2o$6b2o!
9b2o$o2bo$8bobo$5bo5bo$3b2o$8bo3bo$9bobo$o3bo$bo10bo$5b2o$b2o$2bo4bo$6b2o!
9b2o$2b2o$bo4bo$8bo3bo$o3bo$2bo5bo$5bo3bo$o11bo$bo3bo$7bo3bo$10b2o$3bo2bo$4bo2bo!
9b2o$4b2o$8bo2bo$bo3bo$3bo5bo$o2bo$8bo3bo$o11bo$bo2bo$6bo3bo$2bo4bo$6b2o$2bo8bo!
9b2o$4b2o$5bo2bo$o3bo$9bo2bo$10bobo$obo$7bo3bo$bobo$6b2o$bobo$6bo4bo$2bo5bo!
9b2o$5bo5bo$2bo2bo$o11bo$4bo2bo$7bo2bo$obo$6bo4bo$bobo$bo6bo$3bo8bo$6bo2bo$4bo3bo!
9b2o$3b2o$b2o$6bobo$6bo2bo$obo$bo10bo$7bo3bo$o11bo$3bobo$7bo3bo$5bo4bo$4bo3bo!
9b2o$3bo2bo$7bo3bo$bo3bo$b2o$5bo2bo$10bobo$o3bo$o11bo$8b2o$2bo8bo$4bobo$3bo3bo!
9b2o$3bo2bo$bo2bo$8bo3bo$b2o$6bo4bo$2bo9bo$5bo5bo$o8bo$o2bo$7bo2bo$4b2o$7b2o!
9b2o$5bo5bo$2b2o$6bobo$11b2o$obo$4bo3bo$bo10bo$o6bo$3bobo$bo7bo$6b2o$4bo5bo!
9b2o$4bobo$4bo7bo$7b2o$bobo$bo9bo$9bo2bo$5bo5bo$o5bo$obo$2bo7bo$5bo2bo$3bo3bo!
9b2o$4b2o$2bo9bo$9bo2bo$bo8bo$5bobo$bo9bo$o5bo$o2bo$8bo2bo$6bobo$2bo4bo$3b2o!
9b2o$3bobo$2bo2bo$9bobo$7bo2bo$6bo5bo$2o$6bo5bo$2o$3bo7bo$7b2o$2bobo$4bo3bo!
8bo3bo$3bobo$3bo2bo$obo$10b2o$8bobo$o3bo$7bo4bo$9bobo$bo7bo$bo4bo$2bo4bo$4b2o!
8bo3bo$5bo3bo$3b2o$7bo2bo$bo2bo$8bobo$bo9bo$obo$7bo3bo$obo$6bo2bo$3bobo$6bo5bo!
8bo3bo$6bobo$2b2o$3bobo$10b2o$7bo2bo$o11bo$obo$5b2o$bo2bo$bo7bo$7bobo$4bo6bo!
8bo3bo$2b2o$3bo4bo$o4bo$o10bo$4bo7bo$bo3bo$4bo5bo$bo9bo$7bobo$6bo3bo$2bo6bo$6b2o!
8bo3bo$3bobo$6bobo$obo$3bo7bo$5bo4bo$bo9bo$2bo4bo$bo7bo$10bobo$4bobo$7bobo$o3bo!
8bo3bo$3bobo$o7bo$3b2o$7bo3bo$o3bo$2bo8bo$10bobo$bo5bo$9b2o$2bo3bo$5bo3bo$bo4bo!
8bo3bo$3bo2bo$2bo2bo$o9bo$8bobo$o3bo$2bo4bo$11b2o$bo5bo$bo9bo$4bobo$5bo3bo$3bo5bo!
8bo2bo$6bobo$3bo7bo$3bobo$bo7bo$5bobo$o9bo$obo$9bo2bo$7bo4bo$bo2bo$4bobo$2bo7bo!
8bo2bo$bo3bo$8bo3bo$3bobo$o5bo$2bo7bo$3bo5bo$o11bo$9bobo$4bo2bo$b2o$7bo2bo$4bobo!
8bo2bo$4b2o$bo9bo$6bobo$obo$o4bo$2bo9bo$9bo2bo$7bo2bo$bo8bo$4bo2bo$3bo2bo$3bo5bo!
8bo2bo$3bobo$bo3bo$6bobo$o11bo$b2o$11b2o$2bo4bo$7bobo$4bobo$o9bo$3bo5bo$4bo5bo!
8bo2bo$7bo2bo$2bobo$o6bo$9bobo$b2o$bo2bo$9b2o$6bo5bo$o11bo$3bobo$3bobo$6bobo!
8bo2bo$3b2o$3bo4bo$bo3bo$9bo2bo$4bo5bo$6bo5bo$o9bo$6bo2bo$2o$2bo2bo$7bo3bo$2bo4bo!
8bo2bo$2bobo$bo3bo$3bo6bo$3bo2bo$o9bo$obo$9bo2bo$5bo6bo$7bobo$7bo3bo$bo2bo$6bobo!
8bo2bo$bobo$7b2o$b2o$2bo8bo$o4bo$o8bo$10bobo$5bo3bo$4bo5bo$6bo5bo$3bo3bo$4bobo!
8bo2bo$2bo2bo$3bo4bo$5bobo$9bo2bo$o3bo$bo10bo$o9bo$4bobo$7bo3bo$b2o$3bo6bo$6bo2bo!
8bo2bo$4bo4bo$bo2bo$o2bo$8b2o$o11bo$2bo3bo$6bo3bo$2bo9bo$7bo3bo$bo3bo$5bobo$3bo6bo!
8bo2bo$4b2o$bo4bo$3bo6bo$6bo5bo$o9bo$bobo$o11bo$2bo8bo$7bobo$2bobo$7bobo$5bo2bo!
8bo2bo$3bobo$3bo4bo$5bobo$10bobo$4bo7bo$2o$o3bo$bo9bo$6bo2bo$6bo3bo$2bo6bo$2bo4bo!
8bo2bo$o2bo$6bo2bo$2bo7bo$8b2o$obo$bobo$5bo6bo$bo9bo$5bobo$4bo5bo$4bo2bo$6bo5bo!
8bo2bo$4b2o$3bo5bo$7bobo$3b2o$11b2o$o7bo$o5bo$bo8bo$6bo5bo$5bo4bo$b2o$2bo4bo!
8bo2bo$2bo3bo$5bo2bo$11b2o$bo2bo$o5bo$4bo5bo$9bo2bo$bo8bo$o2bo$2bo4bo$3bo5bo$5bobo!
8bo2bo$5bo6bo$3bobo$8b2o$9bo2bo$2o$3b2o$10b2o$bo4bo$6bo3bo$obo$4bo2bo$2bo4bo!
8bo2bo$4b2o$bo9bo$2b2o$10bobo$6bo3bo$bo5bo$o11bo$o5bo$3bo5bo$2bo5bo$4b2o$7bobo!
8bo2bo$2b2o$8bo2bo$3bo3bo$2o$b2o$5bo4bo$10bobo$o5bo$9bo2bo$4b2o$4bo4bo$6b2o!
8bo2bo$6bobo$3bo3bo$bobo$10bobo$2bo4bo$o11bo$5bo4bo$obo$9bobo$5bo3bo$4bobo$bo2bo!
8bo2bo$6bobo$3bo3bo$bobo$10bobo$2bo4bo$o11bo$5bo4bo$obo$9bobo$bo3bo$4bobo$4bo4bo!
8bo2bo$6bo3bo$3bobo$bobo$10bobo$7b2o$o11bo$2bo2bo$2o$9bobo$7bobo$4bobo$2bobo!
8bo2bo$5bo2bo$3bo3bo$3bo7bo$2o$2bo4bo$10bobo$9bo2bo$obo$bo2bo$9b2o$4bobo$5b2o!
8bobo$2bo7bo$7bo3bo$2b2o$5bo2bo$o11bo$o5bo$bo2bo$11b2o$bo5bo$6bo2bo$4bo4bo$3bobo!
8bobo$4bobo$7bo3bo$o2bo$bobo$7bo4bo$o9bo$5bo3bo$9bo2bo$b2o$5bo5bo$2bobo$6bobo!
8bobo$2b2o$11b2o$3bo2bo$5bo4bo$o11bo$o4bo$bo2bo$7bo3bo$bo7bo$2bo3bo$4bo4bo$7b2o!
8bobo$3bo3bo$3bo8bo$o7bo$2bo2bo$11b2o$5bo3bo$obo$7bo3bo$bo7bo$4bo5bo$bo4bo$4bobo!
8bobo$5bo3bo$4bobo$9bo2bo$bo5bo$10bobo$bo9bo$obo$5bo5bo$o2bo$6bobo$3bo3bo$2bobo!
8bobo$4bobo$bobo$6b2o$8bo3bo$bo9bo$o4bo$obo$5bo4bo$9bobo$2bobo$3bo8bo$7bobo!
8bobo$3bo2bo$bo3bo$bo4bo$10bobo$o3bo$o11bo$8bo2bo$5bo3bo$3bo7bo$2bo4bo$4bo4bo$2bo4bo!
8bobo$4bo5bo$3bo3bo$bo4bo$obo$bo9bo$6bo5bo$4bo7bo$5bo3bo$8b2o$obo$3bobo$7bo3bo!
8bobo$2bobo$2bo2bo$bobo$9b2o$3bo3bo$o11bo$o11bo$5bobo$bo9bo$9bobo$4bobo$6bobo!
8bobo$6bo5bo$3bo4bo$bo4bo$2bo8bo$bo9bo$7bobo$o11bo$4bo5bo$o8bo$2bobo$3bobo$5bobo!
8bobo$3bo2bo$o4bo$6bo5bo$5bo4bo$bobo$o11bo$9bobo$4bo4bo$bo2bo$2bo4bo$2bo5bo$7bo3bo!
8bobo$6bo5bo$bo3bo$bobo$8bobo$9bobo$obo$9bo2bo$4b2o$obo$7bo3bo$4bobo$3bo3bo!
8bobo$7bo4bo$2b2o$6bobo$5bo5bo$bo9bo$2o$6bo2bo$4bo5bo$9bo2bo$2bobo$o2bo$5bobo!
8bobo$4b2o$7bo2bo$o11bo$5bo2bo$b2o$11b2o$o8bo$3bo7bo$b2o$4bobo$3bo5bo$6b2o!
8bobo$bo3bo$3bo3bo$6bo5bo$o9bo$b2o$9bo2bo$o4bo$3bo5bo$7bo3bo$2bobo$6bobo$4bo6bo!
8bobo$2bo3bo$5bo2bo$2o$5bo3bo$bobo$o11bo$9bobo$3bo3bo$11b2o$4bo2bo$6bo3bo$2bobo!
8bobo$2bobo$5bobo$b2o$10bobo$7bobo$o11bo$o5bo$3bobo$9bobo$bo9bo$6bobo$3b2o!
8bobo$o9bo$5b2o$bobo$9bo2bo$7bobo$2o$4bo7bo$2bo8bo$6b2o$2bo8bo$3b2o$5bo2bo!
8bobo$o5bo$5bobo$bo4bo$11b2o$bobo$o11bo$4bo4bo$2b2o$9bobo$2bo7bo$4bo3bo$5bobo!
8bobo$3bo2bo$5bo6bo$o2bo$10b2o$7bo4bo$obo$4b2o$bo9bo$7bobo$bo7bo$2bo3bo$4bo3bo!
8bobo$3bo2bo$3bobo$9bobo$4bo6bo$2o$4bo2bo$9bo2bo$bo5bo$o11bo$2bo5bo$6bo3bo$2bo2bo!
8bobo$2bobo$5bo6bo$o2bo$5bo2bo$9bo2bo$obo$4bo4bo$bo5bo$3bo7bo$bo4bo$6bo4bo$7bo2bo!
8bobo$3bo5bo$5bobo$2b2o$7bo3bo$obo$o11bo$8bo3bo$bo3bo$4bo5bo$bo4bo$9bobo$4bobo!
8bobo$4bo2bo$2b2o$4bo7bo$o6bo$11b2o$bobo$6bo2bo$bo3bo$5bo5bo$2bo5bo$9b2o$o5bo!
8bobo$8bo3bo$o2bo$5bobo$o2bo$11b2o$bo7bo$4bo6bo$bo2bo$2bo3bo$9b2o$2bo2bo$6b2o!
8bobo$8bo3bo$2bo2bo$bobo$7bobo$2bobo$o4bo$9bobo$o11bo$bo9bo$6b2o$4bobo$3bo6bo!
8bobo$3b2o$8bobo$bobo$7bobo$9bo2bo$bo3bo$obo$o11bo$6bo4bo$7bo3bo$2bo2bo$4bobo!
8bobo$4bobo$3bo7bo$3bo2bo$10b2o$4bo2bo$o11bo$9bo2bo$obo$5bobo$b2o$8b2o$bo3bo!
8bobo$3bo5bo$5bobo$2b2o$10b2o$2bo4bo$o11bo$5bo2bo$2o$4bo7bo$bo9bo$6bo2bo$4bobo!
8bobo$6bo3bo$3bobo$bobo$11b2o$7b2o$o11bo$4b2o$2o$9bobo$7bobo$2bo3bo$2bobo!
8bobo$4bobo$3bobo$bobo$11b2o$7bo2bo$o11bo$2bo2bo$2o$9bobo$7bobo$6bobo$2bobo!
8b2o$2bo2bo$3bobo$2bo7bo$9bo2bo$4bo5bo$o5bo$o3bo$11b2o$7bo3bo$bo6bo$bobo$6b2o!
8b2o$4bo2bo$2b2o$8b2o$11b2o$2bo7bo$o2bo$o4bo$11b2o$4b2o$bo8bo$6b2o$bo4bo!
8b2o$2bo3bo$11b2o$8bobo$b2o$5bo3bo$2o$3bobo$11b2o$o2bo$6b2o$4bo5bo$4bo2bo!
8b2o$4bo3bo$3b2o$9bo2bo$11b2o$2bo2bo$obo$o6bo$10b2o$bo8bo$6b2o$bobo$5b2o!
8b2o$4bo4bo$8bo3bo$bo3bo$2o$4bo5bo$11b2o$o5bo$10b2o$3bo3bo$2bo3bo$2b2o$5bobo!
8b2o$5bo5bo$9bo2bo$4bobo$b2o$5bo6bo$2bo7bo$o6bo$10b2o$6bobo$o2bo$bo5bo$3b2o!
8b2o$2bobo$2bobo$10b2o$6b2o$9bo2bo$o2bo$o2bo$8bo3bo$6bo3bo$bo3bo$bo3bo$7bo3bo!
8b2o$o3bo$5bo5bo$2bo6bo$5bo5bo$6bo5bo$2bobo$o11bo$8bobo$bo5bo$bo8bo$3bo2bo$3bo3bo!
8b2o$bo3bo$8bo2bo$2bobo$2bo3bo$6bo5bo$11b2o$2o$7bo2bo$o2bo$5bo4bo$3bo5bo$4bo2bo!
8b2o$4bobo$2bo8bo$5bo3bo$10bobo$obo$o3bo$11b2o$7bo2bo$bo5bo$bobo$6bobo$3bobo!
8b2o$7b2o$3b2o$7bo3bo$3bo5bo$2o$10bobo$o11bo$4b2o$2bo3bo$b2o$5bo5bo$6bo3bo!
8b2o$6b2o$2bo8bo$bo9bo$2bo2bo$o5bo$o11bo$10bobo$4bo2bo$bobo$9b2o$3b2o$5bo2bo!
8b2o$o3bo$7bo2bo$5bobo$b2o$11b2o$o9bo$3bobo$3bo5bo$6bo5bo$bo9bo$2bobo$6bobo!
8b2o$4bo7bo$2b2o$6b2o$obo$9bobo$o11bo$bo4bo$3bo6bo$7bo3bo$bo3bo$4bo5bo$5bo2bo!
8b2o$bo10bo$2bo2bo$bo3bo$9b2o$o6bo$o2bo$11b2o$3bo2bo$6bo3bo$2bo8bo$4bo2bo$4bo3bo!
8b2o$4bo3bo$4b2o$7bobo$3bo8bo$2o$11b2o$bo4bo$3bobo$6bo3bo$2bo8bo$o6bo$2bo7bo!
8b2o$6bo3bo$obo$bo7bo$11b2o$4b2o$2o$6bo3bo$3bobo$3bo8bo$7bo3bo$4bo2bo$2bo5bo!
8b2o$4bo6bo$bo6bo$o3bo$9bo2bo$bo3bo$11b2o$o4bo$3bo2bo$2bo7bo$7bo2bo$2b2o$6b2o!
8b2o$4b2o$7bo4bo$3bo7bo$o2bo$o9bo$10bobo$4bo3bo$2bo8bo$b2o$6b2o$bo7bo$5b2o!
8b2o$4b2o$7bo4bo$2o$2bo6bo$o5bo$8bo3bo$3bo2bo$2bo8bo$10b2o$bo3bo$7bo2bo$3b2o!
8b2o$3b2o$3bo5bo$bo9bo$4bo3bo$6bo4bo$bo10bo$o5bo$2bo2bo$o11bo$2bo7bo$7bo2bo$5bobo!
8b2o$3bobo$7bo3bo$bo3bo$bo5bo$10b2o$o11bo$o5bo$2b2o$9bo2bo$2bo7bo$4bobo$4bo3bo!
8b2o$o7bo$2bo2bo$5bo5bo$9b2o$bo4bo$o11bo$6bo4bo$2b2o$bo5bo$7bo2bo$4bo7bo$3b2o!
8b2o$2b2o$5bo5bo$5bo5bo$o6bo$2bo9bo$o11bo$4bo3bo$bo5bo$3bo5bo$6bo3bo$bo4bo$4bo5bo!
8b2o$5bo5bo$4b2o$2o$10b2o$6bo5bo$4bo2bo$7bo2bo$b2o$3bo5bo$6bo5bo$obo$3bo4bo!
8b2o$2bobo$bo8bo$10bobo$6bo2bo$11b2o$2o$3bobo$o10bo$2bo2bo$7b2o$3b2o$6b2o!
8b2o$2bo2bo$5bo5bo$2bo6bo$6bo5bo$2o$4bo3bo$11b2o$o5bo$3bo6bo$bo5bo$7bo2bo$3b2o!
8b2o$4bo3bo$11b2o$3b2o$o2bo$bo8bo$6bo4bo$5bo4bo$obo$bo5bo$5bo3bo$2bo9bo$6b2o!
8b2o$2bo2bo$8bobo$3bo8bo$o5bo$2bo4bo$bo9bo$4bo7bo$2o$4bo2bo$10b2o$3bo5bo$5b2o!
7bo4bo$3b2o$6bo4bo$5bo4bo$b2o$5bo5bo$2o$8bobo$9bo2bo$2b2o$6bo2bo$o3bo$7b2o!
7bo4bo$3b2o$7bo3bo$2bo5bo$o3bo$9bobo$10bobo$bobo$5b2o$b2o$5bo2bo$6bo3bo$o8bo!
7bo4bo$3bo4bo$7bo3bo$2bobo$o3bo$9bobo$10bobo$bobo$5b2o$b2o$5bo2bo$6bo3bo$o8bo!
7bo4bo$4bobo$2bobo$bo7bo$9b2o$2o$3bobo$8bo2bo$2bo7bo$6b2o$o2bo$11b2o$5bo2bo!
7bo4bo$6bobo$2b2o$8bo2bo$5bo4bo$bobo$o11bo$9bobo$2bo4bo$bo2bo$9b2o$4bobo$o4bo!
7bo4bo$3bobo$2bo5bo$o3bo$bo9bo$6bo3bo$8bo3bo$bo9bo$2bo3bo$o3bo$3bo5bo$9b2o$5bobo!
7bo4bo$5bo3bo$b2o$o4bo$4bo6bo$4bo2bo$bo9bo$10bobo$2b2o$o9bo$6bobo$3bo5bo$6bobo!
7bo4bo$2bobo$4bo5bo$7bo3bo$obo$6bo2bo$bo9bo$9bo2bo$bobo$o5bo$8bobo$5bo2bo$3bobo!
7bo3bo$5b2o$2bo5bo$6bo5bo$obo$o2bo$8bo3bo$bo8bo$9b2o$3bobo$9bobo$bo2bo$4bo2bo!
7bo3bo$3bo2bo$2bobo$o9bo$8bobo$o2bo$5bobo$bo10bo$8bo2bo$bo10bo$2bobo$6bo2bo$5bo3bo!
7bo3bo$4bobo$3bo2bo$9b2o$obo$4bo5bo$o11bo$b2o$8bo3bo$bo5bo$3bobo$8bo2bo$5bo3bo!
7bo3bo$6bo4bo$2bobo$bo7bo$7bo4bo$o8bo$2bobo$10bobo$8bobo$2o$3bobo$3bo4bo$5b2o!
7bo3bo$6bo4bo$2bobo$bo7bo$7bo4bo$o8bo$obo$10bobo$5bo2bo$bo8bo$3bobo$3b2o$6bobo!
7bo3bo$2bobo$4b2o$o6bo$2bo9bo$o8bo$8bo2bo$bo10bo$5bo2bo$bo8bo$3bo6bo$6bo2bo$3bo2bo!
7bo3bo$2bobo$5bo3bo$o6bo$2bo9bo$o8bo$8bo2bo$bo10bo$5bo2bo$bo8bo$3bo6bo$4bobo$3bo2bo!
7bo3bo$5bobo$2bo8bo$o11bo$bobo$o11bo$6bobo$9b2o$3b2o$bo3bo$8b2o$2bobo$6bo3bo!
7bo3bo$2bo5bo$7bo2bo$bo2bo$o3bo$3bobo$o8bo$10bobo$2bo2bo$6bo4bo$9bo2bo$3bo2bo$bo6bo!
7bo3bo$4bobo$o2bo$7bobo$10bobo$bo7bo$2bo2bo$8bo3bo$bo8bo$o10bo$3bobo$2bo5bo$4bobo!
7bo3bo$3b2o$6bobo$2bo7bo$obo$8bobo$o11bo$5bo6bo$bo7bo$bo3bo$7bo3bo$3b2o$6bo2bo!
7bo3bo$2bo7bo$3bobo$3bo3bo$o11bo$5bo4bo$obo$9bo2bo$bo4bo$4bo6bo$4bo3bo$6bobo$bo7bo!
7bo3bo$2b2o$6bo5bo$2bo2bo$8bobo$o3bo$bo9bo$8bobo$bo2bo$7bobo$o2bo$5bo3bo$6bo5bo!
7bo3bo$2b2o$6bobo$2bo2bo$8bobo$o3bo$bo9bo$10bobo$bo2bo$7bobo$o2bo$5bo6bo$6bo2bo!
7bo3bo$2b2o$6bobo$2bo2bo$8bobo$o3bo$bo9bo$10bobo$bo2bo$7bo4bo$o2bo$5bo3bo$6bo2bo!
7bo3bo$2bo2bo$8bo3bo$2bo2bo$o7bo$o2bo$bo5bo$10bobo$bo2bo$6bo4bo$9b2o$3b2o$6bo2bo!
7bo3bo$4bo5bo$3bo2bo$o3bo$8bo3bo$7bo3bo$9bo2bo$b2o$b2o$5bo3bo$o9bo$3bo2bo$5bo2bo!
7bo3bo$3bobo$7b2o$2b2o$2o$11b2o$6bo2bo$10bobo$o3bo$b2o$8b2o$4b2o$6bo3bo!
7bo3bo$6bo2bo$3bo8bo$3bo2bo$bo5bo$4bo5bo$o9bo$bo9bo$o3bo$8b2o$2bo2bo$8bo3bo$2bo2bo!
7bo3bo$4b2o$5bo3bo$o10bo$8bo3bo$bo2bo$8bo3bo$bo7bo$obo$6bo3bo$2b2o$6bo3bo$3bo3bo!
7bo3bo$8bo3bo$bobo$o3bo$8bobo$3bobo$10b2o$7bobo$obo$6bo5bo$bo7bo$2bobo$5b2o!
7bo2bo$6bo2bo$bo5bo$o2bo$10bobo$4bo6bo$2bo5bo$bo2bo$11b2o$3bo5bo$2bo2bo$o5bo$5bo2bo!
7bo2bo$bo5bo$9b2o$4bobo$2o$4bo4bo$o11bo$3bo4bo$11b2o$6bobo$2b2o$5bo5bo$2bo2bo!
7bo2bo$4bobo$7bo3bo$bo7bo$obo$8b2o$o11bo$3b2o$10bobo$3bo7bo$bo3bo$6bobo$2bo2bo!
7bo2bo$3bo3bo$2bo2bo$8bo3bo$2bobo$6bo3bo$o11bo$6bo4bo$9bobo$2o$3b2o$bo7bo$5bo2bo!
7bo2bo$2b2o$10bobo$5bobo$bo9bo$o3bo$bo3bo$4bo7bo$8bo2bo$o8bo$3bo2bo$2bo6bo$6bobo!
7bo2bo$o3bo$3bo3bo$11b2o$2bo2bo$8b2o$obo$bo9bo$8bobo$bo4bo$3bo8bo$6bo2bo$4b2o!
7bo2bo$5bo5bo$2bo5bo$8bobo$bo2bo$bobo$11b2o$o5bo$7bo4bo$obo$4b2o$3bo5bo$6bo2bo!
7bo2bo$bo2bo$6bo2bo$bo7bo$o6bo$4bo5bo$o11bo$2bo5bo$5bo6bo$3bo7bo$3bo2bo$8bo2bo$2bo2bo!
7bo2bo$3bo3bo$10b2o$3bo2bo$o3bo$o11bo$8bo3bo$2bo8bo$5bo3bo$bo4bo$bo7bo$4b2o$2bo5bo!
7bo2bo$bo4bo$4bo6bo$o11bo$5b2o$9bobo$o2bo$5bo6bo$4bo4bo$2bo5bo$bo8bo$2b2o$7b2o!
7bo2bo$5bobo$2bo2bo$2bo3bo$11b2o$3bo6bo$o5bo$11b2o$3bo5bo$o7bo$bo2bo$bo7bo$4bo3bo!
7bo2bo$3bo2bo$9bobo$b2o$bo4bo$4bo3bo$o11bo$5bo5bo$3bo5bo$o11bo$7bo2bo$4b2o$2bo5bo!
7bo2bo$bobo$7b2o$bo2bo$10bobo$4bo3bo$obo$9bobo$3bobo$6bo5bo$5bo5bo$o8bo$2bo3bo!
7bo2bo$4bo6bo$2b2o$6bobo$obo$9bobo$o11bo$3b2o$bo10bo$6bobo$5bo3bo$bo3bo$7bo2bo!
7bo2bo$5bo3bo$2bobo$o7bo$10b2o$o2bo$5bo6bo$bo7bo$bo9bo$6bo5bo$2b2o$6b2o$4bo3bo!
7bo2bo$5bo2bo$b2o$8bo3bo$o6bo$3bobo$obo$11b2o$bo8bo$6bo4bo$4bo4bo$3bo2bo$4bo4bo!
7bo2bo$o2bo$5bo5bo$2bo5bo$b2o$8b2o$o11bo$5bo5bo$bo7bo$3bo2bo$10bobo$4bobo$4bo2bo!
7bo2bo$4bo2bo$obo$2bobo$11b2o$5bo3bo$o2bo$9bobo$bo3bo$8bobo$bo10bo$3bo2bo$6bobo!
7bo2bo$4bo2bo$o9bo$3b2o$11b2o$5bo2bo$obo$9bobo$bo3bo$2bo5bo$bo10bo$3bo2bo$6bo2bo!
7bo2bo$4bo2bo$6bo3bo$2b2o$11b2o$4bo3bo$2o$9bo2bo$bo3bo$2bo8bo$5bo2bo$3bo5bo$o5bo!
7bo2bo$5bobo$8bobo$2b2o$o7bo$o11bo$9bobo$2bobo$bo3bo$11b2o$6bo2bo$3b2o$bo4bo!
7bo2bo$6bo2bo$o2bo$2bo5bo$10b2o$3b2o$o11bo$bo7bo$bo2bo$11b2o$5b2o$2bo5bo$5bobo!
7bo2bo$2bo2bo$7b2o$3bobo$2o$11b2o$6bo2bo$10bobo$bo2bo$2bo8bo$8b2o$o2bo$4bobo!
7bo2bo$3b2o$8bobo$bo9bo$3bo3bo$2o$2bo8bo$6bo5bo$o11bo$6bo2bo$2bo5bo$4b2o$5bo3bo!
7bo2bo$3bo4bo$3bobo$8bo2bo$bo2bo$bo2bo$o9bo$9bo2bo$o11bo$2bo3bo$2bo2bo$9bobo$6b2o!
7bo2bo$3bo2bo$7bo2bo$bobo$bo10bo$4bo3bo$o11bo$4bo3bo$o10bo$9bobo$2bo2bo$6bo2bo$2bo2bo!
7bo2bo$4bobo$6bo2bo$bobo$bo10bo$8bobo$o11bo$5bo5bo$o8bo$3bobo$7bo3bo$2bobo$2bo5bo!
7bo2bo$bo4bo$bobo$6bobo$10bobo$3b2o$o7bo$9bobo$obo$9bo2bo$5bo5bo$2bobo$5bobo!
7bo2bo$bo2bo$7bobo$4bobo$10bobo$bobo$o11bo$5bo3bo$obo$6bo4bo$2b2o$8bo2bo$5bo2bo!
7bo2bo$bo2bo$7bobo$4bobo$9b2o$bobo$o11bo$5bo5bo$obo$6bo4bo$2b2o$8bo3bo$5bo2bo!
7bo2bo$bo2bo$7bobo$4bobo$9b2o$bobo$o11bo$5bo5bo$obo$6bobo$2b2o$8bo3bo$5bo5bo!
7bo2bo$bo2bo$3bo3bo$4bobo$10bobo$bobo$o11bo$9bobo$obo$6bobo$5bo3bo$8bo2bo$2bo2bo!
7bo2bo$4bo4bo$2bo4bo$bobo$8bo3bo$o2bo$5bo5bo$9bobo$2o$6bo3bo$2bobo$8bo3bo$5b2o!
7bo2bo$4bo4bo$2b2o$4bobo$11b2o$7bo3bo$o11bo$bo3bo$2o$6bobo$9b2o$3bo4bo$2bo2bo!
7bo2bo$10b2o$o3bo$2b2o$7b2o$3b2o$9bobo$8bo3bo$2o$bo7bo$6bo5bo$2bo2bo$5b2o!
7bobo$5bo3bo$2bobo$o3bo$11b2o$o9bo$6b2o$bo8bo$11b2o$3bobo$bobo$6bobo$2bo5bo!
7bobo$4bo4bo$7b2o$bobo$4bo5bo$o7bo$2bo2bo$o11bo$10bobo$6bo4bo$bo3bo$2b2o$6bo4bo!
7bobo$6bo5bo$2bo4bo$9bobo$obo$8bo2bo$4bo3bo$bo2bo$10bobo$bobo$5bo4bo$o5bo$3bobo!
7bobo$4bo5bo$3bo3bo$3bo4bo$o3bo$bo9bo$10bobo$o4bo$9bo2bo$bo9bo$2bo2bo$6bobo$2bo3bo!
7bobo$4bobo$4bo4bo$bo9bo$7bo4bo$o9bo$obo$3bo7bo$8bo3bo$bo8bo$3bobo$2bo5bo$5b2o!
7bobo$4bo5bo$2bobo$9bobo$5bobo$o9bo$2o$3bo8bo$8bo3bo$bo9bo$3bo2bo$2bo5bo$5b2o!
7bobo$3bo2bo$2bobo$9bobo$5bobo$o10bo$obo$10bobo$8bo3bo$bo8bo$bo3bo$3b2o$6bobo!
7bobo$6b2o$bo8bo$bo8bo$o3bo$o7bo$3bo5bo$4bo7bo$8bo3bo$2bo8bo$2bo8bo$5b2o$3bobo!
7bobo$4bo6bo$2bobo$bo7bo$5bobo$11b2o$obo$o11bo$8bobo$bo8bo$3bobo$3bo2bo$6bobo!
7bobo$9bobo$3b2o$11b2o$4bo2bo$8bo3bo$obo$obo$8bobo$bo8bo$5b2o$bobo$5b2o!
7bobo$4bobo$2bo6bo$bo9bo$4bo5bo$o2bo$o11bo$6bo5bo$7bo2bo$3bo7bo$bo3bo$2bo5bo$5bo2bo!
7bobo$4bo5bo$3bobo$9bobo$o4bo$7bo3bo$2bo7bo$bo10bo$6bo5bo$b2o$o7bo$4bo3bo$3bo2bo!
7bobo$2bobo$4b2o$9bobo$o4bo$7bo3bo$o9bo$bo10bo$6bo5bo$2bo5bo$bobo$6bobo$3bo6bo!
7bobo$4bo3bo$3b2o$7bobo$o11bo$8bo2bo$obo$bo10bo$6bo3bo$b2o$5bo5bo$6bo3bo$3bobo!
7bobo$4bobo$2bo6bo$8bo2bo$4bo7bo$bobo$o9bo$3bo4bo$5bo6bo$bo9bo$5bobo$2bo3bo$o9bo!
7bobo$2bo9bo$bo5bo$9b2o$4bobo$2o$4bo3bo$11b2o$6bobo$2b2o$5bo5bo$o9bo$3bobo!
7bobo$4bo3bo$4b2o$9bobo$o11bo$o2bo$2bo7bo$8bo3bo$5bo4bo$bo4bo$bo9bo$2b2o$6b2o!
7bobo$4bo4bo$2bobo$8bo3bo$5bo5bo$o2bo$obo$10bobo$5bo4bo$bo5bo$bo9bo$3bo2bo$6bobo!
7bobo$4bo5bo$4bo2bo$bo9bo$obo$o8bo$10bobo$3bo8bo$5bo2bo$bo9bo$2b2o$6bobo$5b2o!
7bobo$2b2o$6bo3bo$7bo4bo$bo8bo$o3bo$bo9bo$8bo3bo$4bobo$9bobo$o2bo$2bo2bo$5bo2bo!
7bobo$4bobo$9b2o$b2o$4bo7bo$8bo2bo$obo$7bo4bo$3bo6bo$o4bo$5bo5bo$bo6bo$3bo2bo!
7bobo$o5bo$7bo3bo$2bo2bo$bo10bo$3bo8bo$o7bo$5bo2bo$3bo7bo$9b2o$bo8bo$2bobo$4bobo!
7bobo$2bo2bo$5bo4bo$2bo3bo$o9bo$6bo5bo$o10bo$3bo8bo$3bo4bo$bo9bo$4bo3bo$bo7bo$4bo2bo!
7bobo$6bo3bo$2bo4bo$bo9bo$4bo7bo$o10bo$4bo7bo$bo4bo$2bo7bo$5bo2bo$3bobo$o7bo$3bo5bo!
7bobo$4bo7bo$7bobo$3bo7bo$o3bo$bobo$8bo3bo$o7bo$2bo8bo$bo8bo$2bo2bo$6bo3bo$5b2o!
7bobo$4bo7bo$7bobo$bobo$o3bo$bobo$8bo3bo$o7bo$2bo8bo$10b2o$2bo2bo$6bo3bo$5b2o!
7bobo$3bobo$6bo3bo$o10bo$2bo4bo$10bobo$bo9bo$4bobo$2bo5bo$bo2bo$8b2o$3bobo$o11bo!
7bobo$3bobo$4bo5bo$6bo2bo$o3bo$11b2o$7bo2bo$2o$2bo2bo$bo10bo$8bo2bo$3bo2bo$2bo5bo!
7bobo$4bo2bo$2bo5bo$bo9bo$4bo7bo$2o$5bo5bo$8bo3bo$2b2o$o9bo$3bo2bo$9b2o$5b2o!
7bobo$3b2o$5bo3bo$2bo8bo$o11bo$6bo3bo$4bo5bo$8bo2bo$bo3bo$bobo$7b2o$2bo3bo$o11bo!
7bobo$3bo3bo$3bo6bo$2bo9bo$obo$6bobo$o4bo$11b2o$bo2bo$bo9bo$4bo5bo$6bobo$5bo3bo!
7bobo$2bo2bo$8bobo$2b2o$10bobo$o11bo$5bo5bo$o3bo$bo2bo$bo9bo$6bobo$3bo5bo$6b2o!
7bobo$2bobo$4bobo$bobo$9bo2bo$5bo5bo$8bo2bo$obo$o11bo$bo8bo$5bobo$8bobo$3bo2bo!
7bobo$bo2bo$4bo2bo$bobo$9bo2bo$3bo7bo$5bo2bo$o10bo$o11bo$6bo3bo$2bo2bo$2bo7bo$6bobo!
7bobo$3bo2bo$o9bo$5bo2bo$bo10bo$3bobo$o5bo$10b2o$b2o$8bo3bo$9bobo$2bobo$4bo2bo!
7bobo$3bo2bo$o9bo$bobo$7bo4bo$4bo3bo$10b2o$bo2bo$o11bo$9bobo$2bo2bo$2bo5bo$5b2o!
7bobo$4bo4bo$2bobo$bo9bo$3bo4bo$o11bo$3bo2bo$bo8bo$o11bo$6bo3bo$5bo5bo$5bobo$2bo5bo!
7bobo$4bo5bo$4bo7bo$bobo$6b2o$o9bo$bo9bo$3bo2bo$o11bo$5bo3bo$2bo5bo$2bo5bo$5bo5bo!
7bobo$4bo5bo$7b2o$bobo$o9bo$5bo2bo$b2o$6bo5bo$o11bo$2bo8bo$5bo5bo$3b2o$6bo2bo!
7bobo$4bo6bo$4bo3bo$3bo2bo$o11bo$5bo5bo$b2o$8bo3bo$o9bo$2bo7bo$5bobo$bobo$6bo2bo!
7bobo$4b2o$4bo7bo$8b2o$o4bo$7b2o$10bobo$bobo$o5bo$b2o$10b2o$2bo8bo$3bo2bo!
7bobo$4b2o$2bo8bo$2bo6bo$o4bo$10bobo$bo5bo$10bobo$o5bo$3bo7bo$bo6bo$3b2o$6bobo!
7bobo$3bobo$2bo8bo$2bo6bo$5bo4bo$10bobo$2o$6bo5bo$o5bo$3bo7bo$bo6bo$4bo2bo$4bo3bo!
7bobo$4b2o$2bo5bo$2bo6bo$o4bo$10bobo$bo5bo$10bobo$o5bo$3bo7bo$bo6bo$3b2o$6bo4bo!
7bobo$2bo2bo$o8bo$7bo3bo$2b2o$4bo3bo$11b2o$10bobo$o2bo$bo2bo$6bo3bo$bo3bo$6bobo!
7bobo$2bo2bo$2bo4bo$5bo5bo$bo8bo$o11bo$6bo5bo$8bobo$o2bo$3bo7bo$bo7bo$4bo3bo$4bobo!
7bobo$4b2o$8bo2bo$4bobo$10bobo$2o$2bo5bo$11b2o$obo$3bo3bo$3bo5bo$bo4bo$5bo4bo!
7bobo$5b2o$8bobo$2bo9bo$bo8bo$7bo4bo$o10bo$3bo7bo$o2bo$4b2o$bo7bo$2bo5bo$4bobo!
7bobo$5bo4bo$o9bo$3bo3bo$3bobo$11b2o$2bo8bo$6bo5bo$obo$6bo2bo$bo6bo$bo2bo$4bo3bo!
7bobo$4bo3bo$obo$11b2o$bobo$5b2o$10bobo$8bo2bo$obo$3bobo$7bobo$bo4bo$4bo5bo!
7bobo$4bo7bo$obo$8bo2bo$bobo$5b2o$10bobo$8bo2bo$obo$3bobo$7bobo$bo4bo$4bo5bo!
7bobo$2bobo$9bo2bo$obo$3bo3bo$3bo6bo$8bo2bo$5bo5bo$2o$bo8bo$6bo5bo$4b2o$6bobo!
7bobo$2bo2bo$o9bo$2b2o$9b2o$3bo8bo$bo4bo$6bo4bo$2o$11b2o$5bobo$4bo3bo$4bo3bo!
7bobo$3b2o$8bobo$2b2o$o5bo$11b2o$7bo3bo$5bo6bo$2o$9b2o$bo3bo$2bobo$6bobo!
7bobo$3bo2bo$2bo5bo$11b2o$b2o$o5bo$9bo2bo$4bo5bo$2o$3bobo$8bo2bo$5bo4bo$4bo2bo!
7b2o$2b2o$3bo8bo$5bo3bo$2o$5bo5bo$bo2bo$7bo2bo$11b2o$o3bo$6bobo$2bo7bo$6bo2bo!
7bobo$3bobo$6bo4bo$2bobo$2o$10bobo$6bo5bo$8bobo$2o$2b2o$8b2o$5bo5bo$4bo2bo!
7b2o$3bo5bo$bobo$5bo3bo$o7bo$5bo6bo$2o$4bo5bo$11b2o$2bo3bo$10b2o$4bo2bo$2bo3bo!
7b2o$4bo6bo$2bo8bo$bo4bo$5bo2bo$o11bo$obo$3bo5bo$10bobo$bo5bo$3bobo$4bo5bo$6bo2bo!
7b2o$2bo5bo$3bo2bo$9bobo$2o$2bo2bo$o11bo$7bo2bo$11b2o$bobo$6bo2bo$4bo5bo$4b2o!
7b2o$3bo2bo$bobo$5bobo$b2o$5bo4bo$o11bo$4bo5bo$11b2o$o8bo$9bobo$4bobo$2bo5bo!
7b2o$3bo2bo$3bo7bo$5bobo$b2o$5bo4bo$o11bo$4bo5bo$11b2o$o8bo$bo7bo$4bobo$2bo5bo!
7b2o$9bobo$6bo5bo$2bo3bo$b2o$7bo2bo$o8bo$3b2o$10bobo$o7bo$bobo$5bo5bo$4b2o!
7b2o$4bo3bo$6bo3bo$bobo$bo5bo$5b2o$o11bo$obo$10bobo$5bo5bo$9bobo$2bobo$3bo5bo!
7b2o$obo$5bo5bo$bo5bo$4bo5bo$6bo2bo$o11bo$4bo7bo$10b2o$bobo$2b2o$6bo2bo$5bo2bo!
7b2o$2b2o$6bo4bo$8bo3bo$b2o$5bo3bo$o11bo$3bo3bo$10b2o$o3bo$bo4bo$9b2o$4b2o!
7b2o$8bobo$2bo4bo$5bo5bo$obo$5bo4bo$bo10bo$3bo2bo$9bo2bo$3b2o$bo9bo$4bo4bo$o5bo!
7b2o$3bo4bo$5b2o$11b2o$2o$5bo4bo$o11bo$2b2o$9bobo$4bo5bo$bo5bo$2bo6bo$4bobo!
7b2o$3bo6bo$2bo3bo$10bobo$2bo3bo$9bobo$2o$3bobo$8bo2bo$o3bo$bo5bo$4bo7bo$5bo3bo!
7b2o$8bobo$3bobo$3bo7bo$o3bo$bo9bo$10bobo$4bo7bo$7bobo$2o$5bo3bo$2bo3bo$2bo3bo!
7b2o$2bobo$2bo4bo$3bo7bo$5bo3bo$3bo7bo$o11bo$o9bo$6bo5bo$bo6bo$bo3bo$4bo5bo$6bo2bo!
7b2o$4bo3bo$5bo4bo$bobo$o3bo$10b2o$o11bo$2bo2bo$7bobo$2bo8bo$3bo5bo$6bo5bo$bo4bo!
7b2o$7b2o$3bo7bo$2b2o$5bo3bo$9bobo$2o$4bo7bo$6bo5bo$b2o$o4bo$4bo5bo$6bo3bo!
7b2o$8bobo$3bo7bo$3bobo$2o$7bo3bo$bo8bo$5bo6bo$6bo5bo$2bo6bo$o3bo$2bobo$6bo2bo!
7b2o$3bo7bo$o11bo$3bo3bo$bo2bo$4bo3bo$9bobo$o11bo$6bo3bo$b2o$2bo2bo$5bo4bo$6bo2bo!
7b2o$5bo2bo$7bo3bo$3bo8bo$o9bo$obo$10bobo$3bobo$6bo2bo$b2o$bo9bo$4bobo$4bo4bo!
7b2o$3bo6bo$bo5bo$3bo2bo$obo$8bo2bo$10bobo$o3bo$5bo6bo$bo7bo$2bobo$6bo2bo$5bo5bo!
7b2o$3bo6bo$3b2o$4bo2bo$8bo3bo$2o$9bobo$2bo9bo$5bo5bo$6bo2bo$o9bo$b2o$5b2o!
7b2o$3bo6bo$3b2o$4bo2bo$8bo3bo$2o$9bobo$2bo9bo$5bo5bo$o8bo$6bo3bo$b2o$5b2o!
7b2o$4bo3bo$7bo3bo$bo7bo$o11bo$9bobo$obo$4bo5bo$5bo4bo$b2o$5bo6bo$3bo2bo$3bo2bo!
7b2o$7bo3bo$bo2bo$3bo5bo$11b2o$o5bo$3b2o$10bobo$5b2o$9b2o$2o$2bo2bo$2bo5bo!
7b2o$bo2bo$8bo2bo$bobo$o4bo$10bobo$o11bo$4bo5bo$5bobo$2bo8bo$6bo2bo$3bo5bo$2bo3bo!
7b2o$2bo8bo$4b2o$9b2o$9bo2bo$o4bo$obo$10b2o$3bo8bo$bo4bo$bo5bo$3b2o$6bobo!
7b2o$3b2o$6b2o$2o$2bo8bo$6bo3bo$o11bo$4bo4bo$2bo9bo$bo3bo$9bobo$3bo6bo$5bo2bo!
7b2o$4bo6bo$2bo3bo$3bo2bo$9bo2bo$o9bo$2o$4bo4bo$2bo9bo$bo3bo$7bo3bo$3bo6bo$5bo2bo!
7b2o$bo2bo$3b2o$o7bo$9bobo$bo9bo$3bo8bo$6bo2bo$2bo9bo$obo$5bo4bo$6b2o$5bo4bo!
7b2o$bo8bo$3bo2bo$8b2o$o5bo$b2o$3bo8bo$9bo2bo$2bo8bo$o6bo$4b2o$4bo6bo$5bo4bo!
7b2o$8bobo$3bo7bo$o5bo$3bo6bo$bo5bo$2bo9bo$5bo3bo$2bo6bo$bo10bo$4b2o$o5bo$4bo6bo!
7b2o$3b2o$9bobo$bo7bo$bo2bo$6bo3bo$o11bo$o11bo$2bo7bo$5bobo$2bo8bo$3bo2bo$5bo2bo!
7b2o$2bobo$5bo4bo$2o$9b2o$4bo2bo$o11bo$6bo5bo$2bo5bo$bo9bo$5bo5bo$3bo2bo$3bo5bo!
7b2o$8bo2bo$3bo7bo$3bobo$o11bo$bo5bo$10bobo$o3bo$2bo3bo$9b2o$bo3bo$4bobo$2bo6bo!
7b2o$3b2o$9bobo$3bo5bo$bo2bo$6bo3bo$o11bo$o11bo$2bo2bo$bo5bo$2bo8bo$6bo3bo$5bo2bo!
7b2o$4bo3bo$7bo2bo$bobo$o2bo$o10bo$10bobo$4bo7bo$2bo2bo$b2o$9bobo$6bo2bo$5b2o!
7b2o$2bobo$7bo2bo$bo2bo$o9bo$3bo5bo$9bo2bo$11b2o$2b2o$6bo4bo$2o$5b2o$5bo2bo!
7b2o$3b2o$2bobo$8b2o$9bobo$o4bo$7bo4bo$10b2o$bo10bo$o2bo$bo4bo$5b2o$2bo7bo!
7b2o$4bo5bo$6b2o$o2bo$2bo8bo$5bo4bo$bo10bo$3bo5bo$bo10bo$4bo6bo$6bobo$obo$5bo3bo!
7b2o$7bo2bo$2b2o$o11bo$2bo3bo$bo8bo$4bo7bo$6bo2bo$bo9bo$o3bo$9bobo$3bobo$5bo2bo!
7b2o$4bobo$2bo6bo$8b2o$5bo6bo$o10bo$obo$3bo3bo$bo8bo$bo10bo$5bo5bo$3b2o$6bo3bo!
7b2o$2b2o$3bo7bo$10bobo$2o$5bo3bo$5bo2bo$2bobo$bo9bo$9bo2bo$o5bo$4bo5bo$6b2o!
7b2o$2bo2bo$5b2o$9bobo$2o$6bo5bo$o2bo$9bo2bo$bo8bo$3b2o$8bobo$2bo8bo$4bo2bo!
7b2o$3bo2bo$2bo5bo$9bo2bo$2bo8bo$2o$5bobo$11b2o$bo8bo$o2bo$4bo5bo$6bo2bo$4b2o!
7b2o$6bo2bo$2bo5bo$9bo2bo$2bo8bo$2o$5bobo$11b2o$bo8bo$o2bo$4bo5bo$3bo2bo$4b2o!
7b2o$3bobo$10bobo$2bo7bo$2bo3bo$o4bo$9bobo$4bo7bo$bo7bo$o3bo$bo9bo$3bo3bo$6bobo!
7b2o$4bo2bo$10bobo$obo$2bo6bo$bo4bo$11b2o$4b2o$bo6bo$o9bo$3bo5bo$5bo5bo$3bo2bo!
7b2o$4bo4bo$2bobo$5bo3bo$2bo8bo$o4bo$bo10bo$10bobo$bo5bo$o2bo$6bo4bo$3bo6bo$6bobo!
7b2o$bo7bo$2bobo$5bo2bo$9bobo$2bo3bo$o11bo$10b2o$bo4bo$o11bo$3bo3bo$3bobo$4bo5bo!
7b2o$3bobo$o7bo$3bo3bo$10bobo$4bo7bo$b2o$4bo5bo$bo3bo$9bobo$6bo4bo$o8bo$2bo3bo!
7b2o$7bobo$2bo9bo$2b2o$5bo5bo$o9bo$2o$5bo4bo$bo2bo$8bo3bo$6bo4bo$3bo5bo$4bobo!
7b2o$3bo6bo$2bo2bo$2b2o$8bobo$o5bo$o11bo$11b2o$bo2bo$bo5bo$9bobo$6bo2bo$4b2o!
7b2o$o3bo$7bo3bo$2b2o$11b2o$8bobo$bo10bo$3bobo$b2o$9b2o$4bobo$o5bo$5bo3bo!
7b2o$9bobo$2bobo$o4bo$9bobo$2bo3bo$o11bo$6bo3bo$bobo$7bo4bo$8bobo$bobo$4b2o!
7b2o$10bobo$3bo5bo$3bobo$obo$7bo3bo$4bo5bo$8bo3bo$b2o$o5bo$4bo4bo$bo4bo$5bo5bo!
7b2o$3b2o$5bo5bo$3bo4bo$o11bo$bo5bo$10b2o$2bobo$b2o$6bo2bo$o4bo$9bo2bo$6bo3bo!
7b2o$2bobo$3bo5bo$11b2o$3bo5bo$bo3bo$o5bo$10bobo$o4bo$2bo8bo$7b2o$bo2bo$6bo3bo!
7b2o$3b2o$7b2o$2b2o$11b2o$5bo4bo$o11bo$5bo3bo$2o$4bo5bo$bo9bo$2bo3bo$6bo2bo!
7b2o$6bo3bo$b2o$8b2o$bo10bo$o3bo$3b2o$9bobo$obo$3bobo$11b2o$6b2o$5bo4bo!
6bo5bo$o2bo$2bo2bo$9bobo$3bo3bo$bo8bo$7bo3bo$2bo5bo$10bobo$bo2bo$o3bo$8b2o$5b2o!
6bo5bo$5bo2bo$2bo5bo$2bo2bo$3bo7bo$o2bo$bo9bo$9bo2bo$bo7bo$7bo2bo$4bo5bo$4bo2bo$o5bo!
6bo5bo$o8bo$2bobo$5bobo$9bobo$2bobo$bo9bo$8bobo$bobo$5bobo$8bobo$3bo8bo$o5bo!
6bo5bo$8bobo$2b2o$bobo$9bobo$o6bo$11b2o$2bo6bo$o4bo$7bo2bo$bo2bo$4bo3bo$5b2o!
6bo5bo$3bo5bo$4b2o$2bo6bo$7bo3bo$o2bo$bo9bo$7bo4bo$o4bo$bo8bo$8bobo$2bobo$6bobo!
6bo4bo$2bobo$8bobo$2bo2bo$8bo2bo$5bo6bo$2o$o8bo$9bo2bo$4bo2bo$bobo$7bo2bo$3bo2bo!
6bo4bo$5bobo$bo8bo$2bobo$5b2o$o11bo$bobo$4bo5bo$8bo2bo$7bobo$o11bo$3bo5bo$2bo5bo!
6bo4bo$9bo2bo$4bobo$2bo8bo$4b2o$obo$10bobo$o7bo$8bobo$bobo$7bobo$bobo$5bobo!
6bo4bo$4b2o$o8bo$bo10bo$5b2o$2bo7bo$8bo2bo$obo$8b2o$3bo8bo$3b2o$7bo2bo$bo5bo!
6bo4bo$2bo4bo$7bo2bo$2bobo$11b2o$o3bo$2o$10bobo$5bo2bo$5bo3bo$bobo$3bo5bo$6bobo!
6bo4bo$7bo2bo$bo2bo$7bo4bo$bobo$o8bo$9bobo$3bobo$5bo2bo$o11bo$2bo7bo$2bo3bo$4bo3bo!
6bo4bo$3bo3bo$bo5bo$4bo5bo$11b2o$2bobo$o5bo$9bo2bo$2bo2bo$9b2o$o7bo$bobo$5bo2bo!
6bo4bo$o4bo$8bobo$2bo2bo$bo9bo$8bo3bo$3bo5bo$o2bo$bo7bo$7bo2bo$4bo7bo$2bo4bo$4bobo!
6bo4bo$2bo3bo$2bo6bo$7bo3bo$bo2bo$o8bo$4bo7bo$10bobo$bo8bo$o6bo$3bobo$5bo2bo$3bo4bo!
6bo4bo$5b2o$2bo6bo$7bo3bo$bo2bo$obo$9bo2bo$10bobo$bo5bo$o2bo$3bo4bo$5bo4bo$4bo3bo!
6bo4bo$2bobo$o6bo$4bo2bo$9bo2bo$2b2o$o11bo$9b2o$bo3bo$8bo2bo$bo3bo$3bo6bo$6bobo!
6bo4bo$3bobo$2bo5bo$2bo2bo$9bobo$o11bo$bo5bo$10bobo$bo2bo$7bo2bo$4bo3bo$o2bo$6bo2bo!
6bo4bo$2bobo$o6bo$4bo2bo$9bobo$2b2o$o11bo$9b2o$bobo$5bo2bo$5bo6bo$8bobo$bo4bo!
6bo4bo$3bo8bo$2bo5bo$5bobo$bo2bo$o9bo$9bobo$o9bo$bo2bo$5bobo$2bo5bo$3bo8bo$6bo2bo!
6bo4bo$bo3bo$7b2o$2bo7bo$2o$10bobo$3bo3bo$5bo3bo$o8bo$2b2o$8bo3bo$4bo6bo$4bobo!
6bo4bo$7bobo$2bobo$2bo8bo$5bo3bo$o11bo$bobo$8bobo$o4bo$bobo$10bobo$4bo2bo$6bobo!
6bo4bo$4bo2bo$o3bo$2bo8bo$9bo2bo$5bo4bo$3bo5bo$2bo4bo$o2bo$bo8bo$8bo3bo$5bo2bo$bo4bo!
6bo4bo$2bobo$7bo3bo$4bo2bo$9bo2bo$2b2o$o11bo$9b2o$2o$5bo2bo$bo3bo$3bo6bo$6bobo!
6bo4bo$4bo4bo$o4bo$9b2o$11b2o$4b2o$2bo7bo$7b2o$2o$2b2o$7bo4bo$3bo4bo$bo4bo!
6bo4bo$3bobo$8bobo$5bo2bo$11b2o$obo$3bo5bo$10bobo$2o$4bo2bo$2bobo$7bobo$bo4bo!
6bo4bo$3bobo$8bobo$2bo2bo$11b2o$o7bo$3bo5bo$4bo7bo$2o$7bo2bo$2bobo$7bobo$bo4bo!
6bo4bo$2bo3bo$2bo6bo$7bo3bo$bo2bo$o8bo$4bo7bo$10bobo$2o$7b2o$3bobo$5bo4bo$3bo4bo!
6bo3bo$2b2o$bobo$10bobo$7b2o$o10bo$2bo2bo$o8bo$11b2o$bo3bo$4bo3bo$4bo4bo$6b2o!
6bo3bo$3bo2bo$7bo4bo$o9bo$3bobo$8bo2bo$obo$bo3bo$11b2o$8b2o$b2o$4bo2bo$4bo4bo!
6bo3bo$3bo4bo$bo5bo$2b2o$o11bo$8bo2bo$2bo4bo$4b2o$11b2o$9b2o$2o$4bo4bo$5b2o!
6bo3bo$2bo2bo$b2o$10b2o$6bobo$o11bo$bo3bo$o3bo$9bobo$3bo3bo$4bo7bo$7bobo$3bo4bo!
6bo3bo$7bo3bo$bobo$7bo2bo$bo2bo$4bo7bo$o8bo$o4bo$9bobo$2bo2bo$8bo3bo$2bo5bo$3bo2bo!
6bo3bo$4bobo$o2bo$bo9bo$10bobo$7b2o$o2bo$2bo9bo$8b2o$bo7bo$2bo2bo$4bo2bo$5bo5bo!
6bo3bo$bobo$7bo2bo$4bo3bo$o11bo$2bo5bo$o11bo$2bo2bo$7bo3bo$5bo5bo$bo7bo$3bo5bo$4bobo!
6bo3bo$2bo4bo$10b2o$6bobo$o2bo$3bo8bo$2o$7bo4bo$5bo5bo$bo7bo$2bobo$4bo4bo$5bo2bo!
6bo3bo$3bo2bo$3bobo$8bo2bo$10bobo$o7bo$obo$bo9bo$4bo7bo$bo7bo$7bobo$2bobo$5bobo!
6bo3bo$2bo4bo$2bo4bo$8bobo$3bo8bo$o7bo$o2bo$bo3bo$4bo6bo$bo3bo$9bo2bo$6bo4bo$4bo4bo!
6bo3bo$3bo2bo$bobo$bo9bo$10bobo$o7bo$obo$8bo3bo$4b2o$9bobo$2bo4bo$4bo4bo$5bobo!
6bo3bo$3bo2bo$bobo$bo9bo$10bobo$o7bo$obo$8bo2bo$4b2o$9bo2bo$2bo4bo$4bo4bo$5bobo!
6bo3bo$bo2bo$7bo2bo$bo2bo$7bobo$3bo8bo$o11bo$o8bo$3bobo$8bo2bo$2bo2bo$8bo2bo$2bo3bo!
6bo3bo$2b2o$bo4bo$11b2o$o3bo$8bobo$8bo2bo$obo$bo3bo$3bo8bo$7bobo$5bo3bo$4bo2bo!
6bo3bo$6bo4bo$o2bo$8bo3bo$4bo2bo$bobo$9bo2bo$o8bo$bo3bo$5bo5bo$2bo7bo$2bo5bo$4bo2bo!
6bo3bo$2bo4bo$6bo4bo$obo$9bobo$4bo7bo$2o$4bo7bo$bobo$7bobo$8bobo$3bobo$5bo2bo!
6bo3bo$2bobo$6bobo$b2o$9bo2bo$7bo2bo$2o$4b2o$o2bo$9bobo$3bo3bo$11b2o$5bo2bo!
6bo3bo$bo2bo$3bo3bo$bo5bo$9bo2bo$2bobo$o11bo$8bobo$o2bo$5bo5bo$5bo3bo$8bo2bo$2bo3bo!
6bo3bo$3bo2bo$4bo6bo$o11bo$7bobo$3bo5bo$bo10bo$2bo2bo$2o$8bobo$2bobo$7b2o$5bo5bo!
6bo2bo$7bobo$2b2o$4bo5bo$11b2o$o2bo$2o$5bo4bo$11b2o$5bo2bo$b2o$7b2o$4bobo!
6bo2bo$2bobo$bo7bo$8bobo$2bo3bo$o4bo$bo10bo$5bobo$11b2o$o2bo$7bo3bo$3bo6bo$4bo3bo!
6bo2bo$3bo6bo$5bo4bo$2bo5bo$o11bo$5bo3bo$o10bo$bo5bo$11b2o$bo2bo$6bobo$2bobo$3bo3bo!
6bo2bo$2bobo$bo7bo$10bobo$2o$5bobo$4bo3bo$5bobo$11b2o$obo$3bo7bo$8bobo$3bo2bo!
6bo2bo$2bo8bo$4b2o$10bobo$o2bo$5bo5bo$4bo3bo$bo5bo$9bo2bo$obo$7b2o$bo8bo$3bo2bo!
6bo2bo$5bo4bo$2bo4bo$7bo2bo$3b2o$o11bo$2bo9bo$o7bo$9bobo$bo9bo$3bobo$bo6bo$4bobo!
6bo2bo$4bo2bo$10bobo$2bo5bo$o2bo$bo3bo$bo9bo$7bo3bo$9bo2bo$4bo5bo$obo$5bo2bo$3bo2bo!
6bo2bo$4bo5bo$4b2o$bo7bo$11b2o$o2bo$5bo5bo$2o$8bo3bo$8bobo$2b2o$2bo4bo$6b2o!
6bo2bo$3b2o$10bobo$10b2o$2o$4b2o$o4bo$8bo2bo$8bo3bo$b2o$6b2o$2bo6bo$3bo3bo!
6bo2bo$bo8bo$4bo2bo$2bo7bo$3bo5bo$o11bo$4bo7bo$o2bo$8bo2bo$7bo3bo$2bo2bo$bo6bo$5b2o!
6bo2bo$o3bo$3bo5bo$10bobo$4bobo$bobo$8bo3bo$obo$8bo2bo$7bo2bo$2bo2bo$bo5bo$5bo5bo!
6bo2bo$5bo4bo$2b2o$4bo5bo$9bo2bo$obo$4bo7bo$bo5bo$7bo3bo$5bo5bo$2o$6bobo$3bo4bo!
6bo2bo$9b2o$bo3bo$2bo7bo$o11bo$3bobo$o11bo$bo9bo$6bobo$2bobo$7bo3bo$4bo3bo$3bo3bo!
6bo2bo$bo3bo$3bo4bo$7bo2bo$3b2o$o11bo$b2o$10bobo$4bo6bo$2bo4bo$8bo2bo$o4bo$6bo2bo!
6bo2bo$4bo3bo$bo3bo$bo6bo$9bo2bo$3bobo$o11bo$o2bo$4bo5bo$10b2o$2bo4bo$6bo4bo$2bo4bo!
6bo2bo$4bo3bo$3bobo$bo6bo$9bo2bo$3bobo$o11bo$2o$4bo5bo$10b2o$2bo4bo$6bo4bo$2bo4bo!
6bo2bo$4bobo$9bo2bo$bo9bo$bo5bo$5bo5bo$o9bo$3bo8bo$4bo2bo$o7bo$2b2o$2bo5bo$5bo4bo!
6bo2bo$bo4bo$b2o$9bo2bo$2bo8bo$o3bo$8bobo$o3bo$3bo8bo$3bo6bo$7bo3bo$5bobo$5bo2bo!
6bo2bo$2bo2bo$2bo6bo$7bo2bo$bo2bo$o6bo$4bo7bo$10bobo$3bo7bo$o7bo$3bo7bo$bo3bo$6bobo!
6bo2bo$4bo4bo$bo9bo$2bo5bo$4bo7bo$5bo4bo$2o$o4bo$3bo7bo$7bo2bo$2bo9bo$3bo3bo$6bobo!
6bo2bo$2bobo$o2bo$9b2o$11b2o$2bo4bo$bo2bo$10bobo$3bobo$8bo2bo$2o$5bobo$6bobo!
6bo2bo$3bo5bo$2b2o$10b2o$4bobo$o11bo$o11bo$4bo5bo$bo5bo$2bo2bo$8bo2bo$5bo2bo$bo5bo!
6bo2bo$4bobo$bo3bo$10bobo$obo$7bobo$4bo5bo$7bo4bo$bobo$2bo8bo$o10bo$5bo2bo$3bo4bo!
6bo2bo$bo5bo$9b2o$o3bo$2bobo$2bo9bo$8bo2bo$5bo6bo$bobo$10b2o$o2bo$5bobo$6bobo!
6bo2bo$3bo3bo$10b2o$4bo2bo$o11bo$8bobo$bo9bo$2bobo$o11bo$5bo2bo$b2o$5bo3bo$3bo2bo!
6bo2bo$2b2o$5bo4bo$9bobo$o4bo$10bobo$bo2bo$bobo$o11bo$2bo8bo$7b2o$4bo3bo$6b2o!
6bo2bo$9bobo$bo6bo$bo2bo$11b2o$3bo3bo$o4bo$8bo3bo$o9bo$2bobo$7bo2bo$2b2o$5b2o!
6bo2bo$2b2o$6bo5bo$4bo2bo$2o$8bobo$bo9bo$4b2o$o10bo$5bo2bo$2bo9bo$9b2o$3bo3bo!
6bo2bo$5bo2bo$obo$2bobo$9bo2bo$7bo3bo$bo9bo$bo3bo$o2bo$8bobo$10bobo$4bo2bo$3bo2bo!
6bo2bo$4bo5bo$bo2bo$bo5bo$9bo2bo$o4bo$2bo7bo$7bo4bo$o2bo$5bo5bo$8bo2bo$2bo5bo$3bo2bo!
6bo2bo$6bo2bo$8bo2bo$2bo8bo$bo3bo$10bobo$2o$5bobo$o2bo$3bo3bo$10bobo$2bobo$4bo3bo!
6bo2bo$5b2o$2bo6bo$7bo3bo$bo8bo$o11bo$2bobo$10bobo$2o$4bo2bo$3bo7bo$5bo2bo$3bo4bo!
6bo2bo$5b2o$2bo6bo$7bo3bo$bo2bo$obo$4bo7bo$10bobo$2o$7b2o$3bo7bo$5bo4bo$3bo4bo!
6bo2bo$2bo3bo$9bobo$7bo3bo$bo2bo$obo$4bo7bo$10bobo$2o$7b2o$3bobo$5bo4bo$3bo4bo!
6bo2bo$2bobo$8bo2bo$2bo8bo$o11bo$bobo$4bo2bo$10bobo$2o$8b2o$5bo4bo$3bobo$6b2o!
6bobo$3bo4bo$3bo3bo$bo8bo$7bo4bo$2bo7bo$obo$o4bo$11b2o$5bo3bo$4bo4bo$4bobo$bo9bo!
6bobo$2b2o$7bo2bo$o2bo$5bo5bo$8bo3bo$bo8bo$o3bo$11b2o$7bobo$bo2bo$2bo6bo$5b2o!
6bobo$3bo3bo$7bo2bo$2b2o$5bo5bo$o11bo$bo8bo$4bo4bo$11b2o$b2o$o3bo$8b2o$5b2o!
6bobo$3bo3bo$7bo2bo$2b2o$5bo5bo$o11bo$bo8bo$4bo4bo$11b2o$2bo6bo$o3bo$bo6bo$5b2o!
6bobo$6bo4bo$2b2o$8bo2bo$3bobo$o3bo$o11bo$7bobo$10bobo$bo2bo$bo5bo$2bo6bo$5bo4bo!
6bobo$9b2o$bo3bo$5bo2bo$2o$9b2o$o11bo$2b2o$11b2o$4bo2bo$7bo3bo$2b2o$4bobo!
6bobo$3bo2bo$3bo7bo$10bobo$4bo3bo$2o$bo8bo$7bo4bo$9bobo$obo$2bobo$5bobo$5bo3bo!
6bobo$5bo4bo$o2bo$2bo6bo$8bo3bo$4b2o$bo9bo$o3bo$9bobo$bo10bo$6bo3bo$3bo3bo$2bo4bo!
6bobo$8bobo$bo3bo$5bo5bo$o2bo$9b2o$o11bo$2b2o$9bo2bo$bo5bo$7bo3bo$2bobo$4bobo!
6bobo$5bo4bo$5b2o$8bobo$bo10bo$obo$7bo3bo$2b2o$9bobo$3bo5bo$o3bo$bo5bo$4bo7bo!
6bobo$5bo2bo$9bo2bo$obo$3bobo$7bo3bo$2bobo$o6bo$9bobo$bo10bo$3bo6bo$bo4bo$4bo5bo!
6bobo$3bobo$bo9bo$o7bo$3bo3bo$9bo2bo$4bo7bo$obo$9bobo$6bo3bo$2bo2bo$bo5bo$4bo5bo!
6bobo$3bobo$10bobo$5bo4bo$bobo$o7bo$bo9bo$4bo7bo$9bobo$2bo4bo$obo$7bobo$4bobo!
6bobo$6bo4bo$2b2o$7bo4bo$3bo6bo$o6bo$o4bo$11b2o$9b2o$bo2bo$bo2bo$2bo5bo$5bo3bo!
6bobo$3bo6bo$bo3bo$8bo2bo$o4bo$9b2o$o11bo$2b2o$7bo4bo$bo2bo$7bo3bo$2bo6bo$4bobo!
6bobo$2bo2bo$10bobo$bo8bo$o5bo$7b2o$3bo7bo$bobo$7bo3bo$obo$4b2o$9bo2bo$4bo4bo!
6bobo$3bo8bo$8bobo$3bobo$bo3bo$obo$bo9bo$10bobo$7bo3bo$7bobo$2bobo$o8bo$4bobo!
6bobo$2b2o$8bo3bo$3bobo$bo3bo$obo$bo9bo$10bobo$7bo3bo$7bobo$o3bo$9b2o$4bobo!
6bobo$10bobo$3bobo$bobo$6bobo$o9bo$bo2bo$11b2o$7bobo$o10bo$2bo4bo$2bo2bo$4bo4bo!
6bobo$9b2o$3bo3bo$3bo8bo$5bo5bo$o7bo$b2o$9b2o$5bo6bo$2bo8bo$o3bo$bo5bo$4bobo!
6bobo$bo7bo$o5bo$2bo6bo$5bo5bo$10bobo$bobo$o11bo$5bo2bo$2b2o$4bo6bo$7bo2bo$4bo2bo!
6bobo$8bobo$3bobo$bo9bo$3bo3bo$o9bo$o11bo$2bo9bo$5bo3bo$bo9bo$7bobo$2bobo$4bobo!
6bobo$7bobo$2bo4bo$3bo8bo$5bo5bo$obo$10b2o$o9bo$5b2o$bobo$4bo7bo$bo7bo$4bo3bo!
6bobo$3bobo$6bo3bo$bo8bo$bobo$o11bo$9bobo$obo$5bobo$9bobo$2bobo$7bo4bo$4bo3bo!
6bobo$8bobo$3bo2bo$o2bo$bo9bo$7bo2bo$4bo7bo$obo$4bo7bo$7bobo$bo7bo$2bo2bo$5bo5bo!
6bobo$3bo4bo$2bo2bo$5bo5bo$3bo7bo$o5bo$10bobo$2bobo$4bo7bo$7bo2bo$o8bo$bo5bo$bo7bo!
6bobo$3bo3bo$11b2o$2b2o$7b2o$obo$bo9bo$10bobo$4b2o$9b2o$2o$5bo3bo$4bobo!
6bobo$2bo2bo$3bo7bo$o11bo$bo7bo$5bo4bo$4bo3bo$2bo4bo$3bo7bo$o11bo$bo7bo$7bo2bo$4bobo!
6bobo$2bo4bo$3bo7bo$o11bo$bo7bo$5bo4bo$4bo3bo$2bo4bo$3bo7bo$o11bo$bo7bo$5bo4bo$4bobo!
6bobo$5bo5bo$bo6bo$bo8bo$o5bo$10bobo$3bo3bo$o11bo$3bo5bo$2bo8bo$2bobo$5bobo$4bo4bo!
6bobo$2bo5bo$2bo2bo$bo9bo$5bo3bo$3bo8bo$o11bo$o8bo$3bo3bo$bo9bo$7bo2bo$4bo5bo$4bobo!
6bobo$3bo6bo$6b2o$2o$9bobo$7bo4bo$bo2bo$o3bo$2bo8bo$5bo6bo$9b2o$2b2o$5bo2bo!
6bobo$bo2bo$6bo5bo$9b2o$3bo7bo$o9bo$bo3bo$4bo7bo$2bo8bo$7bobo$obo$3bo3bo$5bo2bo!
6bobo$3bobo$10b2o$2bo2bo$8b2o$o11bo$bobo$10bobo$bo9bo$2bo4bo$o3bo$7bobo$4bobo!
6bobo$5bo4bo$bo7bo$o11bo$3bo7bo$2bo4bo$4bo3bo$5bo4bo$bo7bo$o11bo$3bo7bo$2bo4bo$4bobo!
6bobo$7bo2bo$bo7bo$o11bo$3bo7bo$2bo4bo$4bo3bo$5bo4bo$bo7bo$o11bo$3bo7bo$2bo2bo$4bobo!
6bobo$2b2o$8bo3bo$3bobo$5bo5bo$obo$bo9bo$10bobo$bo5bo$7bobo$o3bo$9b2o$4bobo!
6bobo$2b2o$8bobo$3bobo$5bo5bo$o11bo$bo9bo$o11bo$bo5bo$7bobo$2bobo$9b2o$4bobo!
6bobo$2bo4bo$3bobo$o9bo$6bo5bo$9b2o$bo2bo$9bo2bo$bo5bo$o3bo$2bo5bo$3bo7bo$5bo5bo!
6bobo$3bo5bo$2bo8bo$3bo8bo$5bo2bo$o9bo$2bo8bo$o9bo$bo3bo$7bo4bo$bo2bo$7bobo$4bobo!
6bobo$5bo4bo$3bo5bo$o6bo$bobo$10bobo$4bo7bo$obo$bo2bo$7bo3bo$9bobo$2bo2bo$6bobo!
6bobo$2bo2bo$o2bo$10bobo$8bo2bo$3bobo$bo9bo$7bobo$bo2bo$obo$9bo2bo$7bo2bo$4bobo!
6bobo$2bo9bo$3bo5bo$o8bo$4bo6bo$bo5bo$4bo3bo$11b2o$bobo$5b2o$o9bo$2bo7bo$5bobo!
6bobo$6bo3bo$o2bo$3bo5bo$11b2o$4bo2bo$8bo2bo$o3bo$b2o$5bo6bo$5bo4bo$2bo6bo$bo5bo!
6bobo$o2bo$7b2o$2b2o$bo10bo$2bo4bo$bo9bo$5bo4bo$o10bo$9b2o$4b2o$9bo2bo$4bobo!
6bobo$3bo7bo$3bo3bo$b2o$7bo4bo$8bobo$o11bo$2bobo$o4bo$10b2o$5bo3bo$bo7bo$4bobo!
6bobo$3b2o$bo8bo$4bo2bo$o10bo$2bo9bo$5bobo$9bobo$o5bo$2bo9bo$8bobo$bo3bo$3bo5bo!
6bobo$3bobo$8bobo$b2o$5bo5bo$o11bo$bo7bo$3bo8bo$o5bo$10b2o$4bo2bo$2bo4bo$4bo4bo!
6bobo$2bobo$8bobo$bobo$o8bo$9bo2bo$bo3bo$11b2o$o4bo$2b2o$7bo3bo$4bo5bo$6b2o!
6bobo$o2bo$7b2o$2b2o$11b2o$2bo4bo$bo9bo$5bo4bo$2o$9b2o$4b2o$9bo2bo$4bobo!
6bobo$o2bo$5bo2bo$2b2o$11b2o$7bo2bo$bo9bo$2bo2bo$2o$9b2o$4bo2bo$9bo2bo$4bobo!
6bobo$5bo4bo$o4bo$8b2o$bo4bo$2bo9bo$9bobo$3bo7bo$2o$3bo3bo$10bobo$2bobo$4bo2bo!
6b2o$3bo6bo$bo10bo$3bobo$o9bo$4bo3bo$b2o$2bo5bo$11b2o$7bobo$o10bo$4bo4bo$5b2o!
6b2o$bo8bo$4bo2bo$10bobo$o2bo$9bobo$4bo3bo$bobo$9bo2bo$obo$5bo2bo$2bo8bo$5b2o!
6b2o$3bo2bo$bo10bo$5bo4bo$b2o$o10bo$9bobo$4b2o$8bo3bo$o8bo$2bobo$7bo2bo$3bo4bo!
6b2o$bo7bo$2bobo$6bo3bo$o11bo$2bobo$7bobo$8bo2bo$3bo8bo$5bo5bo$o7bo$bobo$5bo4bo!
6b2o$3bo6bo$bo10bo$3bobo$2o$4bo3bo$10b2o$2bo5bo$2bo9bo$7bobo$o10bo$4bo4bo$5b2o!
6b2o$8bo2bo$bo2bo$bo3bo$8bo3bo$o5bo$10b2o$o11bo$2b2o$5bo3bo$4bo5bo$2bo4bo$3bo5bo!
6b2o$3bo6bo$5bo5bo$2bo8bo$2bo5bo$o3bo$7bo4bo$9bo2bo$bo2bo$bo8bo$6bobo$o2bo$5bo3bo!
6b2o$4bo5bo$8bo3bo$bobo$o7bo$3bo5bo$2bo8bo$o3bo$bo3bo$11b2o$5bo3bo$2bo7bo$6b2o!
6b2o$4bo5bo$o6bo$3bo7bo$10bobo$3b2o$bo9bo$8b2o$obo$bo7bo$5bo6bo$2bo5bo$5b2o!
6b2o$4bo3bo$o11bo$2bobo$7bo2bo$bobo$10b2o$3bo7bo$2o$6bo2bo$2bo6bo$5bo2bo$5bo6bo!
5bo5bo$6bobo$3bo4bo$bobo$o9bo$bo10bo$4bo2bo$10b2o$o11bo$6bo2bo$2bo6bo$4b2o$2bo4bo!
5bo4bo$7bo2bo$3bo2bo$o7bo$11b2o$bo6bo$bobo$9bobo$4bobo$o11bo$2bobo$2bo6bo$5bobo!
5bo4bo$bo5bo$7bo2bo$o5bo$bobo$9bo2bo$5bo2bo$o10bo$2b2o$9bo2bo$2bo8bo$4bobo$4bo3bo!
5bo3bo$4bo7bo$4bobo$9bobo$obo$2bo2bo$bo9bo$7bo2bo$10bobo$bobo$6bobo$o7bo$3bo3bo!
5bo3bo$7bobo$10bobo$bo2bo$obo$6bobo$bo9bo$4bobo$10bobo$8bo2bo$obo$3bobo$3bo3bo!
5bo3bo$5bo5bo$3bo2bo$8bo2bo$o11bo$2bo4bo$3bo5bo$2o$7bo2bo$8bo3bo$bo2bo$2bo3bo$4bo5bo!
5bo3bo$7bo3bo$4bobo$6bo5bo$obo$2bo8bo$9b2o$o11bo$3bo6bo$bo2bo$7b2o$bobo$5bo2bo!
5bo3bo$5bo4bo$2bobo$4bo4bo$o11bo$6bo4bo$bo9bo$bo4bo$o11bo$3bo4bo$8bobo$2bo4bo$3bo3bo!
5bo3bo$6b2o$o9bo$2bo9bo$3bo2bo$bo5bo$4bo5bo$8bo2bo$o10bo$2bo2bo$bobo$8bo3bo$4bo4bo!
5bo2bo$2bo4bo$2bo9bo$8b2o$2o$bo4bo$3bo5bo$6bo4bo$11b2o$3b2o$o9bo$5bo4bo$4bo2bo!
5bo2bo$2bo4bo$o11bo$8b2o$b2o$bo4bo$3bo5bo$6bo4bo$10b2o$3b2o$o11bo$5bo4bo$4bo2bo!
5bo2bo$7bo2bo$bo5bo$10bobo$2bo8bo$obo$4bobo$o8bo$9bobo$bobo$4bobo$3bo8bo$5bo2bo!
5bo2bo$2bo7bo$5bo5bo$3bo5bo$o5bo$bo10bo$4bo3bo$o10bo$6bo5bo$3bo5bo$bo5bo$2bo7bo$4bo2bo!
5bo2bo$5bo4bo$8bobo$o11bo$3bo2bo$bobo$bo9bo$9bobo$6bo2bo$o11bo$2bobo$2bo4bo$4bo2bo!
5bo2bo$3bo5bo$11b2o$bobo$5bobo$o3bo$10b2o$4bo3bo$o6bo$bo7bo$6bo5bo$2bo3bo$2bo7bo!
5bo2bo$5bo4bo$bo9bo$3bo5bo$6bo5bo$obo$4bo3bo$10bobo$o5bo$3bo5bo$bo9bo$2bo4bo$4bo2bo!
5bo2bo$o9bo$5bo5bo$3bo5bo$6bo5bo$b2o$4bo3bo$10b2o$o5bo$3bo5bo$bo5bo$2bo9bo$4bo2bo!
5bobo$10bobo$bobo$o5bo$8bobo$bobo$4bo3bo$9bobo$2bobo$6bo5bo$9bobo$obo$5bobo!
o11bo$7b2o$3bo2bo$7bo2bo$bobo$8bobo$bo9bo$2bobo$9bobo$2bo2bo$6bo2bo$4b2o$o11bo!
o11bo$5bobo$4bo3bo$2bo7bo$bo9bo$6bo2bo$3bo5bo$3bo2bo$bo9bo$2bo7bo$4bo3bo$5bobo$o11bo!
