3bo2bo$bo2bo$2o$2bobo$5b2o$2bo2bo$o2bo!
3bo2bo$bo3bo$2o$2bobo$5b2o$obo$3b2o!
4b2o$b2o$2bo3bo$o4bo$3bo2bo$o3bo$bobo!
4b2o$bobo$o2bo$o5bo$5b2o$b2o$2bobo!
4bobo$bo2bo$2o$5b2o$o2bo$2bo2bo$2b2o!
4bobo$4b2o$2o$2bo2bo$o5bo$2b2o$bobo!
4bobo$4b2o$2o$bo3bo$3bo2bo$obo$2b2o!
3b2o$o5bo$4b2o$bo3bo$b2o$o5bo$2b2o!
3b2o$bo4bo$obo$2bo2bo$5b2o$2o$3b2o!
3bobo$obo$4bobo$bo3bo$obo$4bobo$bobo!
3bobo$bo3bo$2bo3bo$obo$o5bo$bo2bo$3b2o!
3bobo$o5bo$2bobo$bo3bo$2bobo$o5bo$bobo!
4bobo$b2o$3bobo$o5bo$bobo$4b2o$obo!
3b2o$2o$5b2o$2bobo$2o$5b2o$2b2o!
3b2o$bo4bo$2o$2bo2bo$5b2o$obo$3b2o!
3b2o$bo3bo$o2bo$o5bo$5b2o$b2o$2bobo!
4bobo$b2o$4bobo$obo$3bobo$o4bo$bobo!
3b2o$bo4bo$2o$2bobo$5b2o$o4bo$2b2o!
3b2o$4bobo$2o$bo3bo$5b2o$obo$2b2o!
3b2o$5b2o$2o$2bobo$5b2o$2o$2b2o!
3bobo$2bobo$o5bo$bo3bo$o5bo$2bobo$bobo!
3bobo$b2o$o5bo$2bo2bo$o5bo$bo2bo$3b2o!
