3bo2bo$bo5bo$3bobo$obo$5b2o$2bobo$o3bo$bo5bo!
3bo3bo$bobo$4b2o$2o$2bobo$o5bo$5bobo$2bo3bo!
4b2o$2bo3bo$4b2o$2o$bo5bo$3bo3bo$o5bo$2b2o!
4bobo$2bo2bo$bo5bo$2bobo$o5bo$o6bo$bobo$3bobo!
4bobo$bo4bo$obo$5bobo$2b2o$o6bo$3bobo$bo2bo!
4bobo$bo5bo$3bobo$2o$3bobo$o6bo$2bobo$2bo3bo!
4bo2bo$bo3bo$2bobo$o5bo$6b2o$o2bo$b2o$3bobo!
4bo2bo$bo3bo$2bobo$obo$6b2o$o5bo$bobo$3bobo!
5b2o$2bobo$bo5bo$bo5bo$o3bo$3bo2bo$o4bo$2b2o!
5b2o$2bobo$2o$5bobo$o5bo$bobo$3bo3bo$2bobo!
5b2o$2b2o$5bobo$obo$o5bo$3b2o$bo2bo$bo5bo!
5b2o$b2o$2bo4bo$4bobo$o6bo$o2bo$4b2o$bobo!
5b2o$3bo3bo$3bobo$2o$6b2o$2bobo$o3bo$b2o!
5bobo$o2bo$5bobo$bobo$4bobo$2o$2bobo$2bo3bo!
3b2o$3bo2bo$2o$5bobo$5bobo$2o$2bobo$2bo3bo!
3bobo$2b2o$o5bo$6b2o$2o$bo5bo$4b2o$2bobo!
3bobo$bobo$4bo2bo$2o$2bobo$o5bo$5bobo$2bo3bo!
3bobo$bobo$o6bo$2bobo$6b2o$2bobo$o5bo$bo3bo!
3bo2bo$2bobo$o3bo$bo5bo$2o$5bobo$3bobo$2bo3bo!
3bo2bo$2bobo$o5bo$4bo2bo$2o$5bobo$bobo$2bo2bo!
3bo2bo$bo2bo$o5bo$5bobo$obo$5bobo$bobo$2bobo!
3bo3bo$bo2bo$4bobo$2o$obo$5bobo$3bobo$2bo3bo!
4b2o$4b2o$2o$2o$6b2o$6b2o$2b2o$2b2o!
4bobo$2bo4bo$bo2bo$5bobo$2o$o5bo$3bobo$2b2o!
4bobo$bo4bo$2o$5bobo$o2bo$5bobo$2b2o$2bobo!
4bobo$obo$3bobo$bo5bo$bo5bo$3bobo$obo$4bobo!
4bobo$2bo4bo$3bo2bo$2o$bo5bo$4b2o$o4bo$2b2o!
4bobo$bobo$4bo2bo$obo$5bobo$o5bo$b2o$3bobo!
4bo2bo$2bo2bo$bo3bo$2b2o$o6bo$o5bo$4bobo$bobo!
4bo2bo$3bobo$bo3bo$o5bo$b2o$o5bo$2bobo$3bo3bo!
4bo2bo$o4bo$2bo2bo$obo$bo5bo$3bo2bo$4bobo$bobo!
4bo2bo$bo3bo$bo2bo$obo$6b2o$o5bo$2b2o$3bobo!
5bobo$2bobo$4bobo$2o$obo$5bobo$bobo$3bo2bo!
5bobo$2bobo$4bo2bo$2o$obo$5b2o$bobo$3bo2bo!
3bobo$4b2o$2o$bo5bo$o5bo$6b2o$2b2o$2bobo!
3bobo$bobo$o6bo$2bobo$o5bo$2bobo$6b2o$bo3bo!
3bo2bo$2bobo$o5bo$2bo4bo$o4bo$bo5bo$3bobo$bo2bo!
3bo2bo$bo2bo$o2bo$bo5bo$5b2o$2bo4bo$o4bo$2bobo!
4b2o$bo4bo$obo$5bobo$2b2o$6b2o$o2bo$bo2bo!
4b2o$bo4bo$obo$5bobo$2b2o$o5bo$3bo3bo$bo2bo!
4bobo$b2o$4bobo$obo$5bobo$o6bo$bobo$3bobo!
4bobo$bobo$5bobo$obo$5bobo$obo$4bobo$bobo!
3bobo$2bobo$o5bo$bo5bo$o5bo$bo5bo$3bobo$2bobo!
4bobo$3bo2bo$bo2bo$o6bo$5bobo$obo$2bo2bo$bobo!
4bobo$bobo$4bobo$obo$5bobo$obo$bo5bo$3bobo!
4bobo$bobo$4bobo$obo$5bobo$obo$5bobo$bobo!
5bobo$b2o$4bobo$2o$o5bo$3b2o$5bobo$2b2o!
5bobo$2bobo$4bobo$2o$o5bo$3bobo$bobo$2bo4bo!
5bobo$obo$4bobo$bo5bo$o5bo$bobo$3bobo$2bobo!
5bobo$2bobo$4bobo$bo5bo$o5bo$bobo$3bobo$obo!
3bobo$2bo3bo$o2bo$bo5bo$o5bo$4bo2bo$bo3bo$2bobo!
4bobo$bobo$bo2bo$o5bo$5bobo$obo$2bo4bo$3bobo!
4bobo$bobo$bo5bo$obo$5bobo$o5bo$2bobo$3bobo!
4bobo$3bobo$bo5bo$obo$5bobo$o5bo$2bobo$bobo!
4bobo$bobo$bo5bo$obo$5bobo$obo$4bobo$3bobo!
4bobo$3bobo$bo5bo$obo$5bobo$obo$4bobo$bobo!
3bobo$4bobo$o5bo$5bobo$obo$bo5bo$bobo$2bobo!
