4bobo$3bo3bo$bobo$o7bo$7b2o$2o$2bobo$5b2o$2bo2bo!
4bobo$bo6bo$obo$5b2o$2b2o$7b2o$5bobo$2o$3b2o!
4bobo$o3bo$bo5bo$7b2o$2bo2bo$o7bo$2bo3bo$bobo$3bobo!
5b2o$2b2o$4bobo$o7bo$2o$3bo4bo$bo5bo$2bo2bo$4bo2bo!
5bobo$2b2o$2bo5bo$o2bo$7b2o$2o$4b2o$bo4bo$4bobo!
5bobo$2b2o$o5bo$4bo3bo$bo2bo$bo6bo$o5bo$2b2o$5bobo!
5bo2bo$obo$5bobo$3b2o$7b2o$2o$4bobo$bo4bo$2b2o!
4b2o$2bo4bo$5bobo$obo$o7bo$6bobo$bobo$bo4bo$3b2o!
4b2o$6bobo$b2o$o4bo$2b2o$7b2o$o6bo$bo2bo$3bo2bo!
4b2o$o6bo$2bo2bo$6bobo$2bo5bo$2o$4bobo$bobo$3bo3bo!
4bobo$o2bo$6bobo$3bobo$bo5bo$obo$bo5bo$5bo2bo$2bobo!
4bobo$6bobo$2o$3bobo$2o$3bobo$7b2o$2bobo$2bo4bo!
4bobo$2bo5bo$bo3bo$4bo2bo$2o$7b2o$o5bo$2b2o$3bobo!
4bobo$2bobo$bo5bo$7b2o$o2bo$o7bo$2bo3bo$bo3bo$3bobo!
4bobo$bo3bo$bo3bo$o7bo$o2bo$7b2o$2bobo$2bo4bo$3bo2bo!
4bobo$b2o$6bobo$2bo2bo$o2bo$o6bo$bobo$7b2o$4b2o!
4bobo$5bo2bo$bobo$o4bo$bobo$7b2o$2bo4bo$obo$4bobo!
4bobo$5bo2bo$obo$2bo2bo$bo5bo$7b2o$bobo$o2bo$4bobo!
4bo2bo$2bobo$5bo2bo$5bobo$2o$bobo$o7bo$2bo3bo$3bo2bo!
4bo2bo$2bo2bo$2bo5bo$o2bo$bo5bo$o7bo$bo3bo$3bo2bo$4bobo!
4bo3bo$b2o$bobo$6b2o$o5bo$7b2o$obo$4b2o$3bobo!
5b2o$obo$2bo3bo$5bo2bo$2o$4bo2bo$bobo$7b2o$3b2o!
5b2o$2bo2bo$o7bo$b2o$o5bo$7b2o$3bo3bo$bo2bo$3b2o!
5b2o$2bo4bo$3bobo$2o$6bobo$2bo5bo$o3bo$bo5bo$3b2o!
5b2o$bo2bo$4bobo$bo3bo$o7bo$2bo5bo$3bo3bo$obo$3bo3bo!
5b2o$2bo4bo$bo5bo$3b2o$o2bo$o7bo$6bobo$b2o$4b2o!
5b2o$2bo5bo$bo3bo$3bo3bo$o2bo$o7bo$4bo2bo$b2o$4bobo!
5b2o$6b2o$obo$bo5bo$3bo4bo$2o$3bobo$2bobo$4bo3bo!
5bobo$2b2o$o2bo$6bobo$o3bo$bo6bo$4bobo$b2o$5bobo!
5bo2bo$o3bo$4bobo$2o$2bo5bo$5bobo$bobo$6b2o$2b2o!
6b2o$2bobo$o7bo$3bobo$o7bo$3bobo$bo5bo$2bo3bo$bo2bo!
6b2o$6bobo$2o$3bobo$2o$3bobo$7b2o$2bobo$2bobo!
6b2o$obo$bo6bo$3bobo$o6bo$3bobo$bo6bo$2bobo$4bobo!
4b2o$2bo4bo$2bo5bo$o6bo$3bobo$bo6bo$o5bo$bo4bo$3b2o!
4bobo$6bobo$2o$3bobo$bo5bo$3bobo$7b2o$obo$2bobo!
4bobo$6bobo$o2bo$bobo$bo5bo$5bobo$5bo2bo$obo$2bobo!
4bobo$b2o$bo5bo$2bo5bo$o5bo$o7bo$3b2o$5bobo$3bobo!
4bobo$3bo4bo$bo5bo$obo$6b2o$o7bo$2bobo$bo3bo$3bobo!
4bobo$bo3bo$obo$5bo2bo$bobo$7b2o$3bo3bo$obo$4bobo!
4bobo$2bo5bo$3bobo$o6bo$bobo$5bo2bo$obo$bo5bo$4bobo!
4bo2bo$bo4bo$o3bo$bo6bo$5bo2bo$o5bo$2b2o$3bo3bo$2bo2bo!
4bo2bo$2bo5bo$3bobo$5bobo$2o$bobo$o7bo$4bobo$2bo3bo!
5b2o$5bobo$b2o$4bo3bo$o7bo$o3bo$6b2o$bobo$2b2o!
5b2o$b2o$6bobo$o7bo$o2bo$3b2o$bo5bo$2bo4bo$4b2o!
5b2o$2b2o$6bobo$o7bo$o2bo$4bo2bo$bo5bo$b2o$4b2o!
5bobo$o2bo$5bobo$bo4bo$bo6bo$3bo2bo$obo$4bo3bo$2bobo!
5bobo$2bo4bo$o4bo$b2o$6bobo$bo6bo$o2bo$4bobo$3b2o!
6b2o$3bobo$b2o$6bobo$bo5bo$obo$4bo3bo$3bobo$o3bo!
4bo2bo$2bo5bo$bo5bo$3bobo$2o$3bobo$o7bo$4bobo$2bo3bo!
5b2o$2bobo$bo6bo$bo3bo$o7bo$3bo3bo$o6bo$4bobo$2b2o!
5b2o$4bobo$bo6bo$bo3bo$o7bo$3bo3bo$o6bo$2bobo$2b2o!
